2024-12-14 01:00:19.180 [info] Reading sessions from keychain...
2024-12-14 01:00:19.180 [info] Getting sessions for all scopes...
2024-12-14 01:00:19.180 [info] Getting sessions for all scopes...
2024-12-14 01:00:19.180 [info] Getting sessions for all scopes...
2024-12-14 01:00:19.180 [info] Getting sessions for all scopes...
2024-12-14 01:00:19.180 [info] Getting sessions for all scopes...
2024-12-14 01:00:19.180 [info] Getting sessions for all scopes...
2024-12-14 01:00:19.180 [info] Getting sessions for all scopes...
2024-12-14 01:00:19.180 [info] Getting sessions for all scopes...
2024-12-14 01:00:19.185 [info] Got 0 sessions for ...
2024-12-14 01:00:19.185 [info] Got 0 sessions for ...
2024-12-14 01:00:19.185 [info] Got 0 sessions for ...
2024-12-14 01:00:19.185 [info] Got 0 sessions for ...
2024-12-14 01:00:19.185 [info] Got 0 sessions for ...
2024-12-14 01:00:19.185 [info] Got 0 sessions for ...
2024-12-14 01:00:19.185 [info] Got 0 sessions for ...
2024-12-14 01:00:19.185 [info] Got 0 sessions for ...
2024-12-14 01:00:19.347 [info] Getting sessions for all scopes...
2024-12-14 01:00:19.347 [info] Got 0 sessions for ...
2024-12-14 01:00:21.979 [info] Getting sessions for project,read:org,read:user,repo,user:email,workflow...
2024-12-14 01:00:21.979 [info] Got 0 sessions for project,read:org,read:user,repo,user:email,workflow...
2024-12-14 01:00:22.058 [info] Getting sessions for read:user,repo,user:email,workflow...
2024-12-14 01:00:22.058 [info] Got 0 sessions for read:user,repo,user:email,workflow...
2024-12-14 01:00:22.058 [info] Getting sessions for user:email...
2024-12-14 01:00:22.058 [info] Got 0 sessions for user:email...
2024-12-14 01:00:22.145 [info] Getting sessions for read:user,repo,user:email...
2024-12-14 01:00:22.145 [info] Got 0 sessions for read:user,repo,user:email...
2024-12-14 01:00:22.331 [info] Getting sessions for read:user,repo,user:email,workflow...
2024-12-14 01:00:22.332 [info] Got 0 sessions for read:user,repo,user:email,workflow...
2024-12-14 01:00:22.424 [info] Getting sessions for read:user,repo,user:email,workflow...
2024-12-14 01:00:22.424 [info] Got 0 sessions for read:user,repo,user:email,workflow...
2024-12-14 01:01:45.562 [info] Getting sessions for all scopes...
2024-12-14 01:01:45.562 [info] Got 0 sessions for ...
