2024-12-14 00:22:02.888 [info] Added views:outline in workbench.view.explorer
2024-12-14 00:22:02.888 [info] Added views:workbench.view.search in workbench.view.search
2024-12-14 00:22:02.888 [info] Added views:workbench.scm in workbench.view.scm
2024-12-14 00:22:02.888 [info] Added views:workbench.panel.markers.view in workbench.panel.markers
2024-12-14 00:22:02.888 [info] Added views:workbench.panel.output in workbench.panel.output
2024-12-14 00:22:02.888 [info] Added views:terminal in terminal
2024-12-14 00:22:02.888 [info] Added views:timeline in workbench.view.explorer
2024-12-14 00:22:02.888 [info] Added views:workbench.explorer.emptyView in workbench.view.explorer
2024-12-14 00:22:03.220 [info] Added views:projectsExplorerFavorites,projectManagerHelpAndFeedback in workbench.view.extension.project-manager
2024-12-14 00:22:03.221 [info] Added views:continue.continueGUIView in workbench.view.extension.continue
2024-12-14 00:22:03.221 [info] Added views:pythonEnvironments in workbench.view.extension.package-explorer
2024-12-14 00:22:03.222 [info] Added views:pr:github,issues:github in workbench.view.extension.github-pull-requests
2024-12-14 00:22:03.222 [info] Added views:dockerContainers,dockerImages,dockerRegistries,dockerNetworks,dockerVolumes,vscode-docker.views.dockerContexts,vscode-docker.views.help in workbench.view.extension.dockerView
2024-12-14 00:22:03.223 [info] Added views:targetsContainers,devVolumes in workbench.view.remote
2024-12-14 00:22:03.223 [info] Added views:remoteTargets in workbench.view.remote
2024-12-14 00:22:03.223 [info] Added views:liveshare.session in workbench.view.extension.liveshare
2024-12-14 00:22:03.223 [info] Added views:workspaceViewer in workbench.view.extension.workspaceViewer
2024-12-14 00:22:03.367 [info] Added views:workbench.debug.variablesView,workbench.debug.watchExpressionsView,workbench.debug.callStackView,workbench.debug.breakPointsView in workbench.view.debug
2024-12-14 00:22:03.418 [info] Added views:workbench.panel.repl.view in workbench.panel.repl
2024-12-14 00:22:03.418 [info] Removed views:workbench.debug.breakPointsView,workbench.debug.callStackView,workbench.debug.watchExpressionsView,workbench.debug.variablesView from workbench.view.debug
2024-12-14 00:22:03.418 [info] Added views:workbench.debug.welcome in workbench.view.debug
2024-12-14 00:22:04.526 [info] Added views:projectsExplorerGit in workbench.view.extension.project-manager
2024-12-14 00:22:28.482 [info] Added views:~remote.forwardedPorts in ~remote.forwardedPortsContainer
