Locating server…
Checking if /home/chunporo/.config/Code/User/History/45475f3e/dDED.css may be Tailwind-related…
Checking if /home/chunporo/.config/Code/User/History/45475f3e/dDED.css may be Tailwind-related…
Checking if /home/chunporo/.config/Code/User/History/1c65fc79/zz7o.css may be Tailwind-related…
Checking if /home/chunporo/.config/Code/User/History/1c65fc79/Lp9e.css may be Tailwind-related…
Checking if /home/chunporo/.config/Code/User/History/1c65fc79/c4vO.css may be Tailwind-related…
Checking if /home/chunporo/.config/Code/User/History/1c65fc79/eF0z.css may be Tailwind-related…
Checking if /home/chunporo/.config/Code/User/History/1c65fc79/Lp9e.css may be Tailwind-related…
Checking if /home/chunporo/.config/Code/User/History/1c65fc79/hmfs.css may be Tailwind-related…
Checking if /home/chunporo/.config/Code/User/History/1c65fc79/eF0z.css may be Tailwind-related…
Checking if /home/chunporo/.config/Code/User/History/1c65fc79/LO9u.css may be Tailwind-related…
Checking if /home/chunporo/.config/Code/User/History/1c65fc79/hmfs.css may be Tailwind-related…
Checking if /home/chunporo/.config/Code/User/History/1c65fc79/1Ds0.css may be Tailwind-related…
Checking if /home/chunporo/.config/Code/User/History/1c65fc79/LO9u.css may be Tailwind-related…
Checking if /home/chunporo/.config/Code/User/History/1c65fc79/zz7o.css may be Tailwind-related…
Checking if /home/chunporo/.config/Code/User/History/1c65fc79/1Ds0.css may be Tailwind-related…
Checking if /home/chunporo/.config/Code/User/History/1c65fc79/c4vO.css may be Tailwind-related…
Checking if /home/chunporo/.config/spicetify/Themes/Comfy/user.css may be Tailwind-related…
Checking if /home/chunporo/.config/spicetify/Themes/Comfy/user.css may be Tailwind-related…
Checking if /home/chunporo/.config/colours.css may be Tailwind-related…
Checking if /home/chunporo/.config/spicetify/Extracted/Themed/xpui/xpui-routes-all-show-ads.css may be Tailwind-related…
Checking if /home/chunporo/.config/spicetify/Extracted/Themed/login/login.css may be Tailwind-related…
Checking if /home/chunporo/.config/spicetify/Extracted/Themed/xpui/dwp-video-player.css may be Tailwind-related…
Checking if /home/chunporo/.config/spicetify/Extracted/Themed/xpui/browse-v2.css may be Tailwind-related…
Checking if /home/chunporo/.config/spicetify/Extracted/Themed/xpui/xpui-routes-collection-local-files.css may be Tailwind-related…
Checking if /home/chunporo/.config/spicetify/Extracted/Themed/xpui/dwp-whats-new-feed.css may be Tailwind-related…
Checking if /home/chunporo/.config/spicetify/Extracted/Themed/xpui/xpui-routes-profile.css may be Tailwind-related…
Checking if /home/chunporo/.config/spicetify/Extracted/Themed/xpui/xpui-debug-window-contents.css may be Tailwind-related…
Checking if /home/chunporo/.config/spicetify/Extracted/Themed/xpui/9105.css may be Tailwind-related…
Checking if /home/chunporo/.config/spicetify/Extracted/Themed/xpui/xpui-routes-recent-searches.css may be Tailwind-related…
Checking if /home/chunporo/.config/spicetify/Extracted/Themed/xpui/xpui-routes-see-all-playlist-leavebehinds.css may be Tailwind-related…
Checking if /home/chunporo/.config/spicetify/Extracted/Themed/xpui/dwp-lyrics-cinema-mode-container.css may be Tailwind-related…
Checking if /home/chunporo/.config/spicetify/Extracted/Raw/xpui/dwp-video-player.css may be Tailwind-related…
Checking if /home/chunporo/.config/spicetify/Extracted/Themed/xpui/9105.css may be Tailwind-related…
Checking if /home/chunporo/.config/spicetify/Extracted/Themed/xpui/xpui-routes-collection-songs.css may be Tailwind-related…
Checking if /home/chunporo/.config/spicetify/Extracted/Raw/xpui/xpui-routes-recent-searches.css may be Tailwind-related…
Checking if /home/chunporo/.config/spicetify/Extracted/Themed/xpui/xpui-routes-episode-more-like-this.css may be Tailwind-related…
Checking if /home/chunporo/.config/spicetify/Extracted/Raw/xpui/dwp-feedback-bar.css may be Tailwind-related…
Checking if /home/chunporo/.config/spicetify/Extracted/Raw/xpui/xpui-routes-venues.css may be Tailwind-related…
Checking if /home/chunporo/.config/spicetify/Extracted/Raw/xpui/xpui-routes-see-all-playlist-leavebehinds.css may be Tailwind-related…
Checking if /home/chunporo/.config/spicetify/Extracted/Raw/xpui/xpui-routes-desktop-settings.css may be Tailwind-related…
Checking if /home/chunporo/.config/spicetify/Extracted/Themed/xpui/xpui-routes-play-history-page.css may be Tailwind-related…
Checking if /home/chunporo/.config/spicetify/Extracted/Themed/xpui/7601.css may be Tailwind-related…
Checking if /home/chunporo/.config/spicetify/Extracted/Themed/xpui/xpui-routes-collection-concerts.css may be Tailwind-related…
Checking if /home/chunporo/.config/spicetify/Extracted/Themed/xpui/9820.css may be Tailwind-related…
Checking if /home/chunporo/.config/spicetify/Extracted/Raw/xpui/xpui-routes-show.css may be Tailwind-related…
Checking if /home/chunporo/.config/spicetify/Extracted/Themed/xpui/5887.css may be Tailwind-related…
Checking if /home/chunporo/.config/spicetify/Extracted/Raw/xpui/xpui-routes-playlist.css may be Tailwind-related…
Checking if /home/chunporo/.config/spicetify/Extracted/Themed/xpui/xpui-routes-venues.css may be Tailwind-related…
Checking if /home/chunporo/.config/spicetify/Extracted/Themed/xpui/concerts-on-tour-playlist-card.css may be Tailwind-related…
Checking if /home/chunporo/.config/spicetify/Extracted/Raw/xpui/9105.css may be Tailwind-related…
Checking if /home/chunporo/.config/spicetify/Extracted/Raw/xpui/5887.css may be Tailwind-related…
Checking if /home/chunporo/.config/spicetify/Extracted/Themed/xpui/xpui-routes-desktop-settings.css may be Tailwind-related…
Checking if /home/chunporo/.config/spicetify/Extracted/Raw/xpui/xpui-routes-collection-concerts.css may be Tailwind-related…
Checking if /home/chunporo/.config/spicetify/Extracted/Themed/xpui/dwp-home-chips-row.css may be Tailwind-related…
Checking if /home/chunporo/.config/spicetify/Extracted/Raw/xpui/xpui-routes-play-history-page.css may be Tailwind-related…
Checking if /home/chunporo/.config/spicetify/Extracted/Raw/xpui/xpui-routes-episode.css may be Tailwind-related…
Checking if /home/chunporo/.config/spicetify/Extracted/Themed/xpui/xpui-routes-show.css may be Tailwind-related…
Checking if /home/chunporo/.config/spicetify/Extracted/Raw/xpui/xpui-routes-profile.css may be Tailwind-related…
Checking if /home/chunporo/.config/spicetify/Extracted/Raw/xpui/dwp-page-error-template.css may be Tailwind-related…
Checking if /home/chunporo/.config/spicetify/Extracted/Raw/xpui/dwp-lyrics-cinema-mode-container.css may be Tailwind-related…
Checking if /home/chunporo/.config/spicetify/Extracted/Raw/xpui/xpui-routes-album.css may be Tailwind-related…
Checking if /home/chunporo/.config/spicetify/Extracted/Themed/xpui/dwp-video-player.css may be Tailwind-related…
Checking if /home/chunporo/.config/spicetify/Extracted/Raw/xpui/xpui-pip-mini-player.css may be Tailwind-related…
Checking if /home/chunporo/.config/spicetify/Extracted/Raw/xpui/xpui-routes-collection-local-files.css may be Tailwind-related…
Checking if /home/chunporo/.config/spicetify/Extracted/Raw/xpui/xpui-routes-offline-browse.css may be Tailwind-related…
Checking if /home/chunporo/.config/spicetify/Extracted/Themed/xpui/xpui-routes-show.css may be Tailwind-related…
Checking if /home/chunporo/.config/spicetify/Extracted/Raw/xpui/your-sound-capsule-modal.css may be Tailwind-related…
Checking if /home/chunporo/.config/spicetify/Extracted/Themed/xpui/xpui-routes-playlist.css may be Tailwind-related…
Checking if /home/chunporo/.config/spicetify/Extracted/Raw/xpui/9820.css may be Tailwind-related…
Checking if /home/chunporo/.config/spicetify/Extracted/Themed/xpui/xpui-routes-all-show-ads.css may be Tailwind-related…
Checking if /home/chunporo/.config/spicetify/Extracted/Raw/xpui/concerts-on-tour-playlist-card.css may be Tailwind-related…
Checking if /home/chunporo/.config/spicetify/Extracted/Themed/xpui/xpui-routes-collection-local-files.css may be Tailwind-related…
Checking if /home/chunporo/.config/spicetify/Extracted/Themed/xpui/xpui-pip-mini-player.css may be Tailwind-related…
Checking if /home/chunporo/.config/spicetify/Extracted/Raw/xpui/xpui-debug-window-contents.css may be Tailwind-related…
Checking if /home/chunporo/.config/spicetify/Extracted/Raw/xpui/browse-v2.css may be Tailwind-related…
Checking if /home/chunporo/.config/spicetify/Extracted/Raw/xpui/xpui-routes-episode-more-like-this.css may be Tailwind-related…
Checking if /home/chunporo/.config/spicetify/Extracted/Themed/xpui/xpui-routes-profile.css may be Tailwind-related…
Checking if /home/chunporo/.config/spicetify/Extracted/Themed/xpui/xpui-routes-offline-browse.css may be Tailwind-related…
Checking if /home/chunporo/.config/spicetify/Extracted/Raw/xpui/dwp-video-player.css may be Tailwind-related…
Checking if /home/chunporo/.config/spicetify/Extracted/Raw/xpui/7601.css may be Tailwind-related…
Checking if /home/chunporo/.config/spicetify/Extracted/Raw/xpui/dwp-whats-new-feed.css may be Tailwind-related…
Checking if /home/chunporo/.config/spicetify/Extracted/Raw/xpui/xpui-routes-collection-songs.css may be Tailwind-related…
Checking if /home/chunporo/.config/spicetify/Extracted/Raw/xpui/xpui-routes-all-show-ads.css may be Tailwind-related…
Checking if /home/chunporo/.config/spicetify/Extracted/Themed/xpui/your-sound-capsule-modal.css may be Tailwind-related…
Checking if /home/chunporo/.config/spicetify/Extracted/Themed/xpui/xpui-routes-see-all-playlist-leavebehinds.css may be Tailwind-related…
Checking if /home/chunporo/.config/spicetify/Extracted/Themed/xpui/xpui-routes-album.css may be Tailwind-related…
Checking if /home/chunporo/.config/spicetify/Extracted/Raw/login/login.css may be Tailwind-related…
Checking if /home/chunporo/.config/spicetify/Extracted/Themed/xpui/dwp-page-error-template.css may be Tailwind-related…
Checking if /home/chunporo/.config/spicetify/Extracted/Themed/xpui/concerts-on-tour-playlist-card.css may be Tailwind-related…
Checking if /home/chunporo/.config/spicetify/Extracted/Themed/xpui/xpui-routes-playlist.css may be Tailwind-related…
Checking if /home/chunporo/.config/spicetify/Extracted/Themed/xpui/9820.css may be Tailwind-related…
Checking if /home/chunporo/.config/spicetify/Extracted/Raw/xpui/dwp-home-chips-row.css may be Tailwind-related…
Checking if /home/chunporo/.config/spicetify/Extracted/Themed/xpui/xpui-routes-episode-more-like-this.css may be Tailwind-related…
Checking if /home/chunporo/.config/spicetify/Extracted/Themed/xpui/5887.css may be Tailwind-related…
Checking if /home/chunporo/.config/spicetify/Extracted/Themed/xpui/7601.css may be Tailwind-related…
Checking if /home/chunporo/.config/spicetify/Extracted/Themed/xpui/xpui-routes-collection-concerts.css may be Tailwind-related…
Checking if /home/chunporo/.config/spicetify/Extracted/Themed/xpui/dwp-page-error-template.css may be Tailwind-related…
Checking if /home/chunporo/.config/spicetify/Extracted/Themed/xpui/xpui-routes-venues.css may be Tailwind-related…
Checking if /home/chunporo/.config/spicetify/Extracted/Themed/xpui/xpui-routes-collection-songs.css may be Tailwind-related…
Checking if /home/chunporo/.config/spicetify/Extracted/Themed/xpui/xpui-routes-desktop-settings.css may be Tailwind-related…
Checking if /home/chunporo/.config/spicetify/Extracted/Themed/xpui/dwp-feedback-bar.css may be Tailwind-related…
Checking if /home/chunporo/.config/spicetify/Extracted/Raw/xpui/7811.css may be Tailwind-related…
Checking if /home/chunporo/.config/spicetify/Extracted/Themed/xpui/xpui-routes-episode.css may be Tailwind-related…
Checking if /home/chunporo/.config/spicetify/Extracted/Raw/xpui/xpui-routes-album-prerelease.css may be Tailwind-related…
Checking if /home/chunporo/.config/spicetify/Extracted/Themed/xpui/xpui-routes-offline-browse.css may be Tailwind-related…
Checking if /home/chunporo/.config/spicetify/Extracted/Raw/xpui/vendor~xpui.css may be Tailwind-related…
Checking if /home/chunporo/.config/spicetify/Extracted/Themed/xpui/your-sound-capsule-modal.css may be Tailwind-related…
Checking if /home/chunporo/.config/spicetify/Extracted/Themed/xpui/xpui-routes-play-history-page.css may be Tailwind-related…
Checking if /home/chunporo/.config/spicetify/Extracted/Themed/xpui/xpui-routes-album.css may be Tailwind-related…
Checking if /home/chunporo/.config/spicetify/Extracted/Raw/xpui/legacy-hpto-compatibility.css may be Tailwind-related…
Checking if /home/chunporo/.config/spicetify/Extracted/Raw/xpui/dwp-home-chips-row.css may be Tailwind-related…
Checking if /home/chunporo/.config/spicetify/Extracted/Raw/xpui/home-hpto.css may be Tailwind-related…
Checking if /home/chunporo/.config/spicetify/Extracted/Themed/xpui/xpui-pip-mini-player.css may be Tailwind-related…
Checking if /home/chunporo/.config/spicetify/Extracted/Themed/xpui/dwp-home-chips-row.css may be Tailwind-related…
Checking if /home/chunporo/.config/spicetify/Extracted/Raw/xpui/xpui-routes-play-history-page.css may be Tailwind-related…
Checking if /home/chunporo/.config/spicetify/Extracted/Raw/xpui/xpui-routes-concert.css may be Tailwind-related…
Checking if /home/chunporo/.config/spicetify/Extracted/Raw/xpui/xpui-routes-desktop-settings.css may be Tailwind-related…
Checking if /home/chunporo/.config/spicetify/Extracted/Raw/xpui/xpui-routes-all-show-ads.css may be Tailwind-related…
Checking if /home/chunporo/.config/spicetify/Extracted/Raw/xpui/xpui-routes-playlist.css may be Tailwind-related…
Checking if /home/chunporo/.config/spicetify/Extracted/Themed/xpui/dwp-feedback-bar.css may be Tailwind-related…
Checking if /home/chunporo/.config/spicetify/Extracted/Raw/xpui/xpui-routes-show.css may be Tailwind-related…
Checking if /home/chunporo/.config/spicetify/Extracted/Raw/xpui/xpui-routes-collection-local-files.css may be Tailwind-related…
Checking if /home/chunporo/.config/spicetify/Extracted/Raw/xpui/5887.css may be Tailwind-related…
Checking if /home/chunporo/.config/spicetify/Extracted/Themed/xpui/xpui-routes-episode.css may be Tailwind-related…
Checking if /home/chunporo/.config/spicetify/Extracted/Raw/xpui/xpui-routes-collection-concerts.css may be Tailwind-related…
Checking if /home/chunporo/.config/spicetify/Extracted/Raw/xpui/xpui-routes-profile.css may be Tailwind-related…
Checking if /home/chunporo/.config/spicetify/Extracted/Raw/xpui/xpui-routes-venues.css may be Tailwind-related…
Checking if /home/chunporo/.config/spicetify/Extracted/Raw/xpui/9105.css may be Tailwind-related…
Checking if /home/chunporo/.config/spicetify/Extracted/Raw/xpui/7601.css may be Tailwind-related…
Checking if /home/chunporo/.config/spicetify/Extracted/Themed/xpui/dwp-lyrics-cinema-mode-container.css may be Tailwind-related…
Checking if /home/chunporo/.config/spicetify/Extracted/Themed/xpui/7811.css may be Tailwind-related…
Checking if /home/chunporo/.config/spicetify/Extracted/Themed/xpui/dwp-whats-new-feed.css may be Tailwind-related…
Checking if /home/chunporo/.config/spicetify/Extracted/Raw/xpui/xpui-routes-episode-more-like-this.css may be Tailwind-related…
Checking if /home/chunporo/.config/spicetify/Extracted/Themed/xpui/xpui-debug-window-contents.css may be Tailwind-related…
Checking if /home/chunporo/.config/spicetify/Extracted/Themed/xpui/xpui-routes-album-prerelease.css may be Tailwind-related…
Checking if /home/chunporo/.config/spicetify/Extracted/Raw/xpui/xpui-routes-see-all-playlist-leavebehinds.css may be Tailwind-related…
Checking if /home/chunporo/.config/spicetify/Extracted/Themed/xpui/xpui-routes-concert.css may be Tailwind-related…
Checking if /home/chunporo/.config/spicetify/Extracted/Themed/xpui/xpui-routes-recent-searches.css may be Tailwind-related…
Checking if /home/chunporo/.config/spicetify/Extracted/Raw/xpui/xpui-routes-album.css may be Tailwind-related…
Checking if /home/chunporo/.config/spicetify/Extracted/Themed/xpui/xpui-routes-album-prerelease.css may be Tailwind-related…
Checking if /home/chunporo/.config/spicetify/Extracted/Themed/xpui/legacy-hpto-compatibility.css may be Tailwind-related…
Checking if /home/chunporo/.config/spicetify/Extracted/Raw/xpui/dwp-billboard-ad.css may be Tailwind-related…
Checking if /home/chunporo/.config/spicetify/Extracted/Raw/xpui/dwp-page-error-template.css may be Tailwind-related…
Checking if /home/chunporo/.config/spicetify/Extracted/Raw/xpui/xpui-routes-buddy-feed.css may be Tailwind-related…
Checking if /home/chunporo/.config/spicetify/Extracted/Raw/xpui/9820.css may be Tailwind-related…
Checking if /home/chunporo/.config/spicetify/Extracted/Raw/xpui/xpui-routes-cultural-moment-hub.css may be Tailwind-related…
Checking if /home/chunporo/.config/spicetify/Extracted/Raw/xpui/concerts-on-tour-playlist-card.css may be Tailwind-related…
Checking if /home/chunporo/.config/spicetify/Extracted/Themed/xpui/7811.css may be Tailwind-related…
Checking if /home/chunporo/.config/spicetify/Extracted/Themed/xpui/home-hpto.css may be Tailwind-related…
Checking if /home/chunporo/.config/spicetify/Extracted/Raw/xpui/playlist-leavebehinds.css may be Tailwind-related…
Checking if /home/chunporo/.config/spicetify/Extracted/Raw/xpui/xpui-routes-collection-songs.css may be Tailwind-related…
Checking if /home/chunporo/.config/spicetify/Extracted/Raw/xpui/dwp-participant-list-page.css may be Tailwind-related…
Checking if /home/chunporo/.config/spicetify/Extracted/Themed/xpui/vendor~xpui.css may be Tailwind-related…
Checking if /home/chunporo/.config/spicetify/Extracted/Themed/xpui/vendor~xpui.css may be Tailwind-related…
Checking if /home/chunporo/.config/spicetify/Extracted/Themed/xpui/playlist-leavebehinds.css may be Tailwind-related…
Checking if /home/chunporo/.config/spicetify/Extracted/Raw/xpui/xpui.css may be Tailwind-related…
Checking if /home/chunporo/.config/spicetify/Extracted/Raw/xpui/your-sound-capsule-modal.css may be Tailwind-related…
Checking if /home/chunporo/.config/spicetify/Extracted/Raw/xpui/dwp-feedback-bar.css may be Tailwind-related…
Checking if /home/chunporo/.config/spicetify/Extracted/Themed/xpui/dwp-participant-list-page.css may be Tailwind-related…
Checking if /home/chunporo/.config/spicetify/Extracted/Themed/xpui/browse-v2.css may be Tailwind-related…
Checking if /home/chunporo/.config/spicetify/Extracted/Raw/xpui/xpui-pip-mini-player.css may be Tailwind-related…
Checking if /home/chunporo/.config/spicetify/Extracted/Themed/xpui/home-hpto.css may be Tailwind-related…
Checking if /home/chunporo/.config/spicetify/Extracted/Themed/xpui/xpui-routes-buddy-feed.css may be Tailwind-related…
Checking if /home/chunporo/.config/spicetify/Extracted/Raw/xpui/xpui-routes-episode.css may be Tailwind-related…
Checking if /home/chunporo/.config/spicetify/Extracted/Themed/xpui/xpui-desktop-routes-settings.css may be Tailwind-related…
Checking if /home/chunporo/.config/spicetify/Extracted/Raw/xpui/xpui-desktop-routes-settings.css may be Tailwind-related…
Checking if /home/chunporo/.config/spicetify/Extracted/Themed/xpui/xpui.css may be Tailwind-related…
Checking if /home/chunporo/.config/spicetify/Extracted/Raw/xpui/dwp-lyrics-cinema-mode-container.css may be Tailwind-related…
Checking if /home/chunporo/.config/spicetify/Extracted/Raw/xpui/dwp-whats-new-feed.css may be Tailwind-related…
Checking if /home/chunporo/.config/spicetify/Extracted/Raw/xpui/7811.css may be Tailwind-related…
Checking if /home/chunporo/.config/spicetify/Extracted/Raw/xpui/xpui-debug-window-contents.css may be Tailwind-related…
Checking if /home/chunporo/.config/spicetify/Extracted/Raw/xpui/home-hpto.css may be Tailwind-related…
Checking if /home/chunporo/.config/spicetify/Extracted/Raw/xpui/xpui-routes-recent-searches.css may be Tailwind-related…
Checking if /home/chunporo/.config/spicetify/Extracted/Themed/xpui/xpui-routes-stage-page.css may be Tailwind-related…
Checking if /home/chunporo/.config/spicetify/Extracted/Raw/xpui/browse-v2.css may be Tailwind-related…
Checking if /home/chunporo/.config/spicetify/Extracted/Themed/xpui/xpui-root-dialogs.css may be Tailwind-related…
Checking if /home/chunporo/.config/spicetify/Extracted/Themed/xpui/legacy-hpto-compatibility.css may be Tailwind-related…
Checking if /home/chunporo/.config/spicetify/Extracted/Raw/xpui/xpui-routes-concert.css may be Tailwind-related…
Checking if /home/chunporo/.config/spicetify/Extracted/Raw/xpui/xpui-routes-collection-episodes.css may be Tailwind-related…
Checking if /home/chunporo/.config/spicetify/Extracted/Raw/xpui/legacy-hpto-compatibility.css may be Tailwind-related…
Checking if /home/chunporo/.config/spicetify/Extracted/Raw/login/login.css may be Tailwind-related…
Checking if /home/chunporo/.config/spicetify/Extracted/Themed/xpui/xpui-desktop-modals.css may be Tailwind-related…
Checking if /home/chunporo/.config/spicetify/Extracted/Raw/xpui/pip-mini-player.css may be Tailwind-related…
Checking if /home/chunporo/.config/spicetify/Extracted/Raw/xpui/dwp-participant-list-page.css may be Tailwind-related…
Checking if /home/chunporo/.config/spicetify/Extracted/Raw/xpui/xpui-routes-queue-page.css may be Tailwind-related…
Checking if /home/chunporo/.config/spicetify/Extracted/Themed/xpui/xpui-routes-collection-episodes.css may be Tailwind-related…
Checking if /home/chunporo/.config/spicetify/Extracted/Raw/xpui/home-ad-card.css may be Tailwind-related…
Checking if /home/chunporo/.config/spicetify/Extracted/Raw/xpui/xpui-routes-cultural-moment-hub.css may be Tailwind-related…
Checking if /home/chunporo/.config/spicetify/Extracted/Raw/xpui/xpui-routes-buddy-feed-legacy.css may be Tailwind-related…
Checking if /home/chunporo/.config/spicetify/Extracted/Themed/xpui/xpui-routes-search.css may be Tailwind-related…
Checking if /home/chunporo/.config/spicetify/Extracted/Raw/xpui/dwp-full-screen-mode-container.css may be Tailwind-related…
Checking if /home/chunporo/.config/spicetify/Extracted/Themed/xpui/xpui-routes-queue-page.css may be Tailwind-related…
Checking if /home/chunporo/.config/spicetify/Extracted/Raw/xpui/xpui-routes-search.css may be Tailwind-related…
Checking if /home/chunporo/.config/spicetify/Extracted/Raw/xpui/xpui-routes-buddy-feed.css may be Tailwind-related…
Checking if /home/chunporo/.config/spicetify/Extracted/Raw/xpui/debug-locales.css may be Tailwind-related…
Checking if /home/chunporo/.config/spicetify/Extracted/Themed/xpui/pip-mini-player.css may be Tailwind-related…
Checking if /home/chunporo/.config/spicetify/Extracted/Themed/xpui/xpui-routes-blend.css may be Tailwind-related…
Checking if /home/chunporo/.config/spicetify/Extracted/Raw/xpui/dwp-billboard-ad.css may be Tailwind-related…
Checking if /home/chunporo/.config/spicetify/Extracted/Themed/xpui/dwp-now-playing-bar.css may be Tailwind-related…
Checking if /home/chunporo/.config/spicetify/Extracted/Raw/xpui/xpui-routes-album-prerelease.css may be Tailwind-related…
Checking if /home/chunporo/.config/spicetify/Extracted/Themed/xpui/xpui-routes-lyrics.css may be Tailwind-related…
Checking if /home/chunporo/.config/spicetify/Extracted/Themed/xpui/dwp-full-screen-mode-container.css may be Tailwind-related…
Checking if /home/chunporo/.config/spicetify/Extracted/Themed/xpui/home-ad-card.css may be Tailwind-related…
Checking if /home/chunporo/.config/spicetify/Extracted/Themed/xpui/xpui-routes-blend.css may be Tailwind-related…
Checking if /home/chunporo/.config/spicetify/Extracted/Themed/xpui/dwp-offline-empty-state.css may be Tailwind-related…
Checking if /home/chunporo/.config/spicetify/Extracted/Raw/xpui/xpui.css may be Tailwind-related…
Checking if /home/chunporo/.config/spicetify/Extracted/Themed/xpui/xpui-routes-buddy-feed-legacy.css may be Tailwind-related…
Checking if /home/chunporo/.config/spicetify/Extracted/Raw/xpui/playlist-leavebehinds.css may be Tailwind-related…
Checking if /home/chunporo/.config/spicetify/Extracted/Themed/xpui/dwp-full-screen-mode-container.css may be Tailwind-related…
Checking if /home/chunporo/.config/spicetify/Extracted/Raw/xpui/vendor~xpui.css may be Tailwind-related…
Checking if /home/chunporo/.config/spicetify/Extracted/Themed/xpui/xpui-routes-search.css may be Tailwind-related…
Checking if /home/chunporo/.config/spicetify/Extracted/Themed/xpui/xpui-routes-cultural-moment-hub.css may be Tailwind-related…
Checking if /home/chunporo/.config/spicetify/Extracted/Themed/xpui/xpui-routes-queue-page.css may be Tailwind-related…
Checking if /home/chunporo/.config/spicetify/Extracted/Raw/xpui/xpui-routes-offline-browse.css may be Tailwind-related…
Checking if /home/chunporo/.config/spicetify/Extracted/Themed/xpui/pip-mini-player.css may be Tailwind-related…
Checking if /home/chunporo/.config/spicetify/Extracted/Themed/xpui/xpui-routes-buddy-feed-legacy.css may be Tailwind-related…
Checking if /home/chunporo/.config/spicetify/Extracted/Themed/xpui/dwp-panel-section.css may be Tailwind-related…
Checking if /home/chunporo/.config/spicetify/Extracted/Themed/xpui/dwp-billboard-ad.css may be Tailwind-related…
Checking if /home/chunporo/.config/spicetify/Extracted/Themed/xpui/4797.css may be Tailwind-related…
Checking if /home/chunporo/.config/spicetify/Extracted/Themed/xpui/dwp-watch-feed-view-container.css may be Tailwind-related…
Checking if /home/chunporo/.config/spicetify/Extracted/Themed/xpui/xpui-feature-activation.css may be Tailwind-related…
Checking if /home/chunporo/.config/spicetify/Extracted/Themed/xpui/xpui-routes-your-library-x.css may be Tailwind-related…
Checking if /home/chunporo/.config/spicetify/Extracted/Themed/xpui/xpui-routes-your-library-x.css may be Tailwind-related…
Checking if /home/chunporo/.config/spicetify/Extracted/Themed/xpui/4797.css may be Tailwind-related…
Checking if /home/chunporo/.config/spicetify/Extracted/Themed/xpui/dwp-watch-feed-view-container.css may be Tailwind-related…
Checking if /home/chunporo/.config/spicetify/Extracted/Themed/xpui/dwp-panel-section.css may be Tailwind-related…
Checking if /home/chunporo/.config/spicetify/Extracted/Raw/xpui/dwp-leaderboard-component.css may be Tailwind-related…
Checking if /home/chunporo/.config/spicetify/Extracted/Raw/xpui/xpui-desktop-modals.css may be Tailwind-related…
Checking if /home/chunporo/.config/spicetify/Extracted/Themed/xpui/xpui-desktop-modals.css may be Tailwind-related…
Checking if /home/chunporo/.config/spicetify/Extracted/Raw/xpui/xpui-root-dialogs.css may be Tailwind-related…
Checking if /home/chunporo/.config/spicetify/Extracted/Raw/xpui/3562.css may be Tailwind-related…
Checking if /home/chunporo/.config/spicetify/Extracted/Themed/xpui/dwp-offline-empty-state.css may be Tailwind-related…
Checking if /home/chunporo/.config/spicetify/Extracted/Themed/xpui/xpui-root-dialogs.css may be Tailwind-related…
Checking if /home/chunporo/.config/spicetify/Extracted/Raw/xpui/xpui-routes-stage-page.css may be Tailwind-related…
Checking if /home/chunporo/.config/spicetify/Extracted/Themed/xpui/dwp-leaderboard-component.css may be Tailwind-related…
Checking if /home/chunporo/.config/spicetify/Extracted/Themed/xpui/xpui-routes-lyrics.css may be Tailwind-related…
Checking if /home/chunporo/.config/spicetify/Extracted/Themed/xpui/3562.css may be Tailwind-related…
Checking if /home/chunporo/.config/spicetify/Extracted/Raw/xpui/xpui-routes-collection-episodes.css may be Tailwind-related…
Checking if /home/chunporo/.config/spicetify/Extracted/Themed/xpui/6349.css may be Tailwind-related…
Checking if /home/chunporo/.config/spicetify/Extracted/Themed/xpui/dwp-now-playing-bar.css may be Tailwind-related…
Checking if /home/chunporo/.config/spicetify/Extracted/Themed/xpui/debug-locales.css may be Tailwind-related…
Checking if /home/chunporo/.config/spicetify/Extracted/Themed/xpui/xpui-feature-activation.css may be Tailwind-related…
Checking if /home/chunporo/.config/spicetify/Extracted/Themed/xpui/xpui-routes-stage-page.css may be Tailwind-related…
Checking if /home/chunporo/.config/spicetify/Extracted/Themed/xpui/home-ad-card.css may be Tailwind-related…
Checking if /home/chunporo/.config/spicetify/Extracted/Themed/xpui/xpui-routes-collection-episodes.css may be Tailwind-related…
Checking if /home/chunporo/.config/spicetify/Extracted/Raw/xpui/xpui-desktop-routes-settings.css may be Tailwind-related…
Checking if /home/chunporo/.config/spicetify/Extracted/Themed/xpui/xpui-desktop-routes-settings.css may be Tailwind-related…
Checking if /home/chunporo/.config/spicetify/Extracted/Raw/xpui/pip-mini-player.css may be Tailwind-related…
Checking if /home/chunporo/.config/spicetify/Extracted/Themed/xpui/xpui.css may be Tailwind-related…
Checking if /home/chunporo/.config/spicetify/Extracted/Raw/xpui/xpui-routes-buddy-feed-legacy.css may be Tailwind-related…
Checking if /home/chunporo/.config/spicetify/Extracted/Themed/xpui/xpui-routes-cultural-moment-hub.css may be Tailwind-related…
Checking if /home/chunporo/.config/spicetify/Extracted/Raw/xpui/home-ad-card.css may be Tailwind-related…
Checking if /home/chunporo/.config/spicetify/Extracted/Raw/xpui/6349.css may be Tailwind-related…
Checking if /home/chunporo/.config/spicetify/Extracted/Themed/xpui/3562.css may be Tailwind-related…
Checking if /home/chunporo/.config/spicetify/Extracted/Raw/xpui/xpui-feature-activation.css may be Tailwind-related…
Checking if /home/chunporo/.config/spicetify/Extracted/Raw/xpui/dwp-full-screen-mode-container.css may be Tailwind-related…
Checking if /home/chunporo/.config/spicetify/Extracted/Raw/xpui/dwp-panel-section.css may be Tailwind-related…
Checking if /home/chunporo/.config/spicetify/Extracted/Raw/xpui/xpui-routes-search.css may be Tailwind-related…
Checking if /home/chunporo/.config/spicetify/Extracted/Raw/xpui/4797.css may be Tailwind-related…
Checking if /home/chunporo/.config/spicetify/Extracted/Raw/xpui/xpui-routes-queue-page.css may be Tailwind-related…
Checking if /home/chunporo/.config/spicetify/Extracted/Raw/xpui/xpui-routes-your-library-x.css may be Tailwind-related…
Checking if /home/chunporo/.config/spicetify/Extracted/Raw/xpui/dwp-now-playing-bar.css may be Tailwind-related…
Checking if /home/chunporo/.config/spicetify/Extracted/Raw/xpui/dwp-watch-feed-view-container.css may be Tailwind-related…
Checking if /home/chunporo/.config/spicetify/Extracted/Themed/xpui/dwp-leaderboard-component.css may be Tailwind-related…
Checking if /home/chunporo/.config/spicetify/Extracted/Raw/xpui/dwp-offline-empty-state.css may be Tailwind-related…
Checking if /home/chunporo/.config/spicetify/Extracted/Raw/xpui/dwp-watch-feed-view-container.css may be Tailwind-related…
Checking if /home/chunporo/.config/spicetify/Extracted/Raw/xpui/xpui-routes-lyrics.css may be Tailwind-related…
Checking if /home/chunporo/.config/spicetify/Extracted/Raw/xpui/dwp-offline-empty-state.css may be Tailwind-related…
Checking if /home/chunporo/.config/spicetify/Extracted/Raw/xpui/dwp-now-playing-bar.css may be Tailwind-related…
Checking if /home/chunporo/.config/spicetify/Extracted/Raw/xpui/xpui-routes-lyrics.css may be Tailwind-related…
Checking if /home/chunporo/.config/spicetify/Extracted/Themed/xpui/xpui-routes-buddy-feed.css may be Tailwind-related…
Checking if /home/chunporo/.config/spicetify/Extracted/Raw/xpui/4797.css may be Tailwind-related…
Checking if /home/chunporo/.config/spicetify/Extracted/Themed/login/login.css may be Tailwind-related…
Checking if /home/chunporo/.config/spicetify/Extracted/Raw/xpui/xpui-routes-your-library-x.css may be Tailwind-related…
Checking if /home/chunporo/.config/spicetify/Extracted/Raw/xpui/xpui-routes-blend.css may be Tailwind-related…
Checking if /home/chunporo/.config/spicetify/Extracted/Raw/xpui/xpui-routes-blend.css may be Tailwind-related…
Checking if /home/chunporo/.config/spicetify/Extracted/Themed/xpui/dwp-billboard-ad.css may be Tailwind-related…
Checking if /home/chunporo/.config/spicetify/Extracted/Themed/xpui/6349.css may be Tailwind-related…
Checking if /home/chunporo/.config/spicetify/Extracted/Themed/xpui/playlist-leavebehinds.css may be Tailwind-related…
Checking if /home/chunporo/.config/spicetify/Extracted/Themed/xpui/debug-locales.css may be Tailwind-related…
Checking if /home/chunporo/.config/spicetify/Extracted/Themed/xpui/dwp-participant-list-page.css may be Tailwind-related…
Checking if /home/chunporo/.config/spicetify/Extracted/Raw/xpui/6349.css may be Tailwind-related…
Checking if /home/chunporo/.config/spicetify/Extracted/Raw/xpui/xpui-desktop-modals.css may be Tailwind-related…
Checking if /home/chunporo/.config/spicetify/Extracted/Raw/xpui/3562.css may be Tailwind-related…
Checking if /home/chunporo/.config/spicetify/Extracted/Raw/xpui/xpui-root-dialogs.css may be Tailwind-related…
Checking if /home/chunporo/.config/spicetify/Extracted/Raw/xpui/dwp-leaderboard-component.css may be Tailwind-related…
Checking if /home/chunporo/.config/spicetify/Extracted/Raw/xpui/xpui-routes-stage-page.css may be Tailwind-related…
Checking if /home/chunporo/.config/spicetify/Extracted/Raw/xpui/debug-locales.css may be Tailwind-related…
Checking if /home/chunporo/.config/spicetify/Extracted/Themed/xpui/xpui-routes-concert.css may be Tailwind-related…
Checking if /home/chunporo/.config/spicetify/Extracted/Raw/xpui/xpui-feature-activation.css may be Tailwind-related…
Checking if /home/chunporo/.config/colours.css may be Tailwind-related…
Checking if /home/chunporo/.config/spicetify/Extracted/Raw/xpui/dwp-panel-section.css may be Tailwind-related…
Checking if /home/chunporo/.config/waybar/style.css may be Tailwind-related…
Checking if /home/chunporo/.config/waybar/style.css may be Tailwind-related…
Checking if /home/chunporo/.config/vesktop/sessionData/vencordFiles/vencordDesktopRenderer.css may be Tailwind-related…
Checking if /home/chunporo/.config/vesktop/sessionData/vencordFiles/vencordDesktopRenderer.css may be Tailwind-related…
