2024-12-14 01:08:32.233 [info] Reading sessions from keychain...
2024-12-14 01:08:32.233 [info] Getting sessions for all scopes...
2024-12-14 01:08:32.233 [info] Getting sessions for all scopes...
2024-12-14 01:08:32.233 [info] Getting sessions for all scopes...
2024-12-14 01:08:32.233 [info] Getting sessions for all scopes...
2024-12-14 01:08:32.233 [info] Getting sessions for all scopes...
2024-12-14 01:08:32.233 [info] Getting sessions for all scopes...
2024-12-14 01:08:32.233 [info] Getting sessions for all scopes...
2024-12-14 01:08:32.233 [info] Getting sessions for all scopes...
2024-12-14 01:08:32.319 [info] Got 0 sessions for ...
2024-12-14 01:08:32.319 [info] Got 0 sessions for ...
2024-12-14 01:08:32.319 [info] Got 0 sessions for ...
2024-12-14 01:08:32.319 [info] Got 0 sessions for ...
2024-12-14 01:08:32.319 [info] Got 0 sessions for ...
2024-12-14 01:08:32.319 [info] Got 0 sessions for ...
2024-12-14 01:08:32.319 [info] Got 0 sessions for ...
2024-12-14 01:08:32.319 [info] Got 0 sessions for ...
2024-12-14 01:08:32.506 [info] Getting sessions for all scopes...
2024-12-14 01:08:32.506 [info] Got 0 sessions for ...
2024-12-14 01:08:32.740 [info] Getting sessions for user:email...
2024-12-14 01:08:32.740 [info] Got 0 sessions for user:email...
2024-12-14 01:08:33.634 [info] Getting sessions for all scopes...
2024-12-14 01:08:33.634 [info] Got 0 sessions for ...
2024-12-14 01:08:35.423 [info] Getting sessions for project,read:org,read:user,repo,user:email,workflow...
2024-12-14 01:08:35.423 [info] Got 0 sessions for project,read:org,read:user,repo,user:email,workflow...
2024-12-14 01:08:35.547 [info] Getting sessions for read:user,repo,user:email,workflow...
2024-12-14 01:08:35.547 [info] Got 0 sessions for read:user,repo,user:email,workflow...
2024-12-14 01:08:35.807 [info] Getting sessions for read:user,repo,user:email...
2024-12-14 01:08:35.807 [info] Got 0 sessions for read:user,repo,user:email...
2024-12-14 01:08:35.857 [info] Getting sessions for read:user,repo,user:email,workflow...
2024-12-14 01:08:35.857 [info] Got 0 sessions for read:user,repo,user:email,workflow...
2024-12-14 01:08:35.939 [info] Getting sessions for read:user,repo,user:email,workflow...
2024-12-14 01:08:35.939 [info] Got 0 sessions for read:user,repo,user:email,workflow...
