2024-12-14 00:22:03.720 [info] Reading sessions from keychain...
2024-12-14 00:22:03.720 [info] Getting sessions for all scopes...
2024-12-14 00:22:03.720 [info] Getting sessions for all scopes...
2024-12-14 00:22:03.720 [info] Got 0 sessions for ...
2024-12-14 00:22:03.720 [info] Got 0 sessions for ...
2024-12-14 00:22:03.720 [info] Getting sessions for all scopes...
2024-12-14 00:22:03.720 [info] Got 0 sessions for ...
2024-12-14 00:22:03.720 [info] Getting sessions for all scopes...
2024-12-14 00:22:03.720 [info] Got 0 sessions for ...
2024-12-14 00:22:03.720 [info] Getting sessions for all scopes...
2024-12-14 00:22:03.720 [info] Got 0 sessions for ...
2024-12-14 00:22:03.720 [info] Getting sessions for all scopes...
2024-12-14 00:22:03.720 [info] Got 0 sessions for ...
2024-12-14 00:22:03.720 [info] Getting sessions for all scopes...
2024-12-14 00:22:03.720 [info] Got 0 sessions for ...
2024-12-14 00:22:03.720 [info] Getting sessions for all scopes...
2024-12-14 00:22:03.720 [info] Got 0 sessions for ...
2024-12-14 00:22:05.013 [info] Getting sessions for project,read:org,read:user,repo,user:email,workflow...
2024-12-14 00:22:05.013 [info] Got 0 sessions for project,read:org,read:user,repo,user:email,workflow...
2024-12-14 00:22:05.057 [info] Getting sessions for read:user,repo,user:email,workflow...
2024-12-14 00:22:05.057 [info] Got 0 sessions for read:user,repo,user:email,workflow...
2024-12-14 00:22:05.137 [info] Getting sessions for read:user,repo,user:email...
2024-12-14 00:22:05.137 [info] Got 0 sessions for read:user,repo,user:email...
2024-12-14 00:22:05.339 [info] Getting sessions for read:user,repo,user:email,workflow...
2024-12-14 00:22:05.339 [info] Got 0 sessions for read:user,repo,user:email,workflow...
2024-12-14 00:22:05.388 [info] Getting sessions for read:user,repo,user:email,workflow...
2024-12-14 00:22:05.388 [info] Got 0 sessions for read:user,repo,user:email,workflow...
2024-12-14 00:22:25.473 [info] Getting sessions for user:email...
2024-12-14 00:22:25.474 [info] Got 0 sessions for user:email...
2024-12-14 00:22:49.352 [info] Getting sessions for all scopes...
2024-12-14 00:22:49.352 [info] Got 0 sessions for ...
2024-12-14 00:22:49.528 [info] Getting sessions for all scopes...
2024-12-14 00:22:49.528 [info] Got 0 sessions for ...
