2024-12-14 00:21:50.115 [info] Reading sessions from keychain...
2024-12-14 00:21:50.115 [info] Getting sessions for all scopes...
2024-12-14 00:21:50.115 [info] Getting sessions for all scopes...
2024-12-14 00:21:50.115 [info] Getting sessions for all scopes...
2024-12-14 00:21:50.115 [info] Got 0 sessions for ...
2024-12-14 00:21:50.115 [info] Got 0 sessions for ...
2024-12-14 00:21:50.115 [info] Got 0 sessions for ...
2024-12-14 00:21:50.115 [info] Getting sessions for all scopes...
2024-12-14 00:21:50.115 [info] Got 0 sessions for ...
2024-12-14 00:21:50.115 [info] Getting sessions for all scopes...
2024-12-14 00:21:50.115 [info] Got 0 sessions for ...
2024-12-14 00:21:50.115 [info] Getting sessions for all scopes...
2024-12-14 00:21:50.115 [info] Got 0 sessions for ...
2024-12-14 00:21:50.115 [info] Getting sessions for all scopes...
2024-12-14 00:21:50.115 [info] Got 0 sessions for ...
2024-12-14 00:21:50.115 [info] Getting sessions for all scopes...
2024-12-14 00:21:50.115 [info] Got 0 sessions for ...
2024-12-14 00:21:50.115 [info] Getting sessions for all scopes...
2024-12-14 00:21:50.116 [info] Got 0 sessions for ...
2024-12-14 00:21:50.116 [info] Getting sessions for user:email...
2024-12-14 00:21:50.116 [info] Got 0 sessions for user:email...
2024-12-14 00:21:51.416 [info] Getting sessions for project,read:org,read:user,repo,user:email,workflow...
2024-12-14 00:21:51.416 [info] Got 0 sessions for project,read:org,read:user,repo,user:email,workflow...
2024-12-14 00:21:51.442 [info] Getting sessions for read:user,repo,user:email,workflow...
2024-12-14 00:21:51.442 [info] Got 0 sessions for read:user,repo,user:email,workflow...
2024-12-14 00:21:51.630 [info] Getting sessions for read:user,repo,user:email...
2024-12-14 00:21:51.630 [info] Got 0 sessions for read:user,repo,user:email...
2024-12-14 00:21:51.632 [info] Getting sessions for read:user,repo,user:email,workflow...
2024-12-14 00:21:51.632 [info] Got 0 sessions for read:user,repo,user:email,workflow...
2024-12-14 00:21:51.679 [info] Getting sessions for read:user,repo,user:email,workflow...
2024-12-14 00:21:51.679 [info] Got 0 sessions for read:user,repo,user:email,workflow...
2024-12-14 00:21:52.689 [info] Getting sessions for all scopes...
2024-12-14 00:21:52.689 [info] Got 0 sessions for ...
