2024-12-14 00:22:09.152 [info] Reading sessions from keychain...
2024-12-14 00:22:09.153 [info] Getting sessions for all scopes...
2024-12-14 00:22:09.153 [info] Getting sessions for all scopes...
2024-12-14 00:22:09.153 [info] Getting sessions for all scopes...
2024-12-14 00:22:09.153 [info] Got 0 sessions for ...
2024-12-14 00:22:09.153 [info] Got 0 sessions for ...
2024-12-14 00:22:09.153 [info] Got 0 sessions for ...
2024-12-14 00:22:09.153 [info] Getting sessions for user:email...
2024-12-14 00:22:09.153 [info] Got 0 sessions for user:email...
2024-12-14 00:22:09.153 [info] Getting sessions for all scopes...
2024-12-14 00:22:09.153 [info] Got 0 sessions for ...
2024-12-14 00:22:09.153 [info] Getting sessions for all scopes...
2024-12-14 00:22:09.153 [info] Got 0 sessions for ...
2024-12-14 00:22:09.153 [info] Getting sessions for all scopes...
2024-12-14 00:22:09.153 [info] Got 0 sessions for ...
2024-12-14 00:22:09.153 [info] Getting sessions for all scopes...
2024-12-14 00:22:09.153 [info] Got 0 sessions for ...
2024-12-14 00:22:09.153 [info] Getting sessions for all scopes...
2024-12-14 00:22:09.153 [info] Got 0 sessions for ...
2024-12-14 00:22:09.153 [info] Getting sessions for all scopes...
2024-12-14 00:22:09.153 [info] Got 0 sessions for ...
2024-12-14 00:22:10.481 [info] Getting sessions for project,read:org,read:user,repo,user:email,workflow...
2024-12-14 00:22:10.481 [info] Got 0 sessions for project,read:org,read:user,repo,user:email,workflow...
2024-12-14 00:22:10.488 [info] Getting sessions for read:user,repo,user:email,workflow...
2024-12-14 00:22:10.488 [info] Got 0 sessions for read:user,repo,user:email,workflow...
2024-12-14 00:22:10.551 [info] Getting sessions for read:user,repo,user:email...
2024-12-14 00:22:10.551 [info] Got 0 sessions for read:user,repo,user:email...
2024-12-14 00:22:10.758 [info] Getting sessions for read:user,repo,user:email,workflow...
2024-12-14 00:22:10.758 [info] Got 0 sessions for read:user,repo,user:email,workflow...
2024-12-14 00:22:11.611 [info] Getting sessions for all scopes...
2024-12-14 00:22:11.611 [info] Got 0 sessions for ...
2024-12-14 00:22:11.636 [info] Getting sessions for read:user,repo,user:email,workflow...
2024-12-14 00:22:11.636 [info] Got 0 sessions for read:user,repo,user:email,workflow...
