2024-12-14 00:22:03.327 [info] Extension host with pid 9830 started
2024-12-14 00:22:03.417 [info] ExtensionService#_doActivateExtension vscode.github-authentication, startup: false, activationEvent: 'onAuthenticationRequest:github'
2024-12-14 00:22:03.460 [info] ExtensionService#_doActivateExtension vscode.git-base, startup: true, activationEvent: '*', root cause: vscode.git
2024-12-14 00:22:03.462 [info] ExtensionService#_doActivateExtension formulahendry.auto-close-tag, startup: true, activationEvent: '*'
2024-12-14 00:22:03.462 [info] ExtensionService#_doActivateExtension formulahendry.auto-rename-tag, startup: true, activationEvent: '*'
2024-12-14 00:22:03.479 [info] ExtensionService#_doActivateExtension icrawl.discord-vscode, startup: true, activationEvent: '*'
2024-12-14 00:22:03.490 [info] ExtensionService#_doActivateExtension mhutchie.git-graph, startup: true, activationEvent: '*'
2024-12-14 00:22:03.498 [info] ExtensionService#_doActivateExtension oderwat.indent-rainbow, startup: true, activationEvent: '*'
2024-12-14 00:22:03.499 [info] ExtensionService#_doActivateExtension Zignd.html-css-class-completion, startup: true, activationEvent: '*'
2024-12-14 00:22:03.608 [info] ExtensionService#_doActivateExtension vscode.git, startup: true, activationEvent: '*'
2024-12-14 00:22:03.654 [info] ExtensionService#_doActivateExtension vscode.github, startup: true, activationEvent: '*'
2024-12-14 00:22:03.718 [info] Eager extensions activated
2024-12-14 00:22:03.751 [info] ExtensionService#_doActivateExtension vscode.debug-auto-launch, startup: false, activationEvent: 'onStartupFinished'
2024-12-14 00:22:03.753 [info] ExtensionService#_doActivateExtension vscode.merge-conflict, startup: false, activationEvent: 'onStartupFinished'
2024-12-14 00:22:03.764 [info] ExtensionService#_doActivateExtension alefragnani.project-manager, startup: false, activationEvent: 'onStartupFinished'
2024-12-14 00:22:03.772 [info] ExtensionService#_doActivateExtension bradlc.vscode-tailwindcss, startup: false, activationEvent: 'onStartupFinished'
2024-12-14 00:22:03.795 [info] ExtensionService#_doActivateExtension Continue.continue, startup: false, activationEvent: 'onStartupFinished'
2024-12-14 00:22:04.038 [info] ExtensionService#_doActivateExtension ecmel.vscode-html-css, startup: false, activationEvent: 'onStartupFinished'
2024-12-14 00:22:04.038 [info] ExtensionService#_doActivateExtension Equinusocio.vsc-material-theme, startup: false, activationEvent: 'onStartupFinished'
2024-12-14 00:22:04.043 [info] ExtensionService#_doActivateExtension equinusocio.vsc-material-theme-icons, startup: false, activationEvent: 'onStartupFinished'
2024-12-14 00:22:04.058 [info] ExtensionService#_doActivateExtension esbenp.prettier-vscode, startup: false, activationEvent: 'onStartupFinished'
2024-12-14 00:22:04.110 [info] ExtensionService#_doActivateExtension ms-vscode.js-debug, startup: false, activationEvent: 'onStartupFinished', root cause: expo.vscode-expo-tools
2024-12-14 00:22:04.170 [info] ExtensionService#_doActivateExtension formulahendry.code-runner, startup: false, activationEvent: 'onStartupFinished'
2024-12-14 00:22:04.178 [info] ExtensionService#_doActivateExtension GitHub.vscode-pull-request-github, startup: false, activationEvent: 'onStartupFinished'
2024-12-14 00:22:04.245 [info] ExtensionService#_doActivateExtension ms-dotnettools.vscode-dotnet-runtime, startup: false, activationEvent: 'onStartupFinished'
2024-12-14 00:22:04.280 [info] ExtensionService#_doActivateExtension ms-vscode-remote.remote-containers, startup: false, activationEvent: 'onStartupFinished'
2024-12-14 00:22:04.383 [info] ExtensionService#_doActivateExtension ms-vscode-remote.remote-wsl, startup: false, activationEvent: 'onStartupFinished'
2024-12-14 00:22:04.453 [info] ExtensionService#_doActivateExtension PKief.material-icon-theme, startup: false, activationEvent: 'onStartupFinished'
2024-12-14 00:22:04.460 [info] ExtensionService#_doActivateExtension ritwickdey.LiveServer, startup: false, activationEvent: 'onStartupFinished'
2024-12-14 00:22:04.463 [info] ExtensionService#_doActivateExtension sainnhe.gruvbox-material, startup: false, activationEvent: 'onStartupFinished'
2024-12-14 00:22:04.467 [info] ExtensionService#_doActivateExtension yy0931.vscode-sqlite3-editor, startup: false, activationEvent: 'onStartupFinished'
2024-12-14 00:22:04.501 [info] ExtensionService#_doActivateExtension zhuangtongfa.material-theme, startup: false, activationEvent: 'onStartupFinished'
2024-12-14 00:22:04.615 [info] ExtensionService#_doActivateExtension expo.vscode-expo-tools, startup: false, activationEvent: 'onStartupFinished'
2024-12-14 00:22:04.708 [info] ExtensionService#_doActivateExtension ms-vsliveshare.vsliveshare, startup: false, activationEvent: 'api', root cause: ritwickdey.LiveServer
2024-12-14 00:22:04.917 [error] TypeError: Cannot read properties of null (reading 'write')
    at IPCTransport.send (/home/chunporo/.vscode/extensions/icrawl.discord-vscode-5.8.0/dist/extension.js:2:24881)
    at /home/chunporo/.vscode/extensions/icrawl.discord-vscode-5.8.0/dist/extension.js:2:24968
    at new Promise (<anonymous>)
    at IPCTransport.close (/home/chunporo/.vscode/extensions/icrawl.discord-vscode-5.8.0/dist/extension.js:2:24925)
    at RPCClient.destroy (/home/chunporo/.vscode/extensions/icrawl.discord-vscode-5.8.0/dist/extension.js:2:18626)
    at login (/home/chunporo/.vscode/extensions/icrawl.discord-vscode-5.8.0/dist/extension.js:2:149260)
    at processTicksAndRejections (node:internal/process/task_queues:95:5)
    at activate (/home/chunporo/.vscode/extensions/icrawl.discord-vscode-5.8.0/dist/extension.js:2:151363)
    at K0.n (file:///opt/visual-studio-code/resources/app/out/vs/workbench/api/node/extensionHostProcess.js:115:4447)
    at K0.m (file:///opt/visual-studio-code/resources/app/out/vs/workbench/api/node/extensionHostProcess.js:115:4410)
    at K0.l (file:///opt/visual-studio-code/resources/app/out/vs/workbench/api/node/extensionHostProcess.js:115:3866)
2024-12-14 00:23:03.463 [info] ExtensionService#_doActivateExtension mechatroner.rainbow-csv, startup: false, activationEvent: 'onLanguage:plaintext'
2024-12-14 00:23:03.469 [info] ExtensionService#_doActivateExtension Vue.volar, startup: false, activationEvent: 'onLanguage:plaintext'
2024-12-14 00:23:03.541 [info] ExtensionService#_doActivateExtension vscode.emmet, startup: false, activationEvent: 'onLanguage'
2024-12-14 00:23:03.594 [info] ExtensionService#_doActivateExtension vscode.typescript-language-features, startup: false, activationEvent: 'api', root cause: Vue.volar
2024-12-14 00:23:04.329 [error] TypeError: The "from" argument must be of type string. Received undefined
    at Object.relative (node:path:1263:5)
    at /home/chunporo/.vscode/extensions/continue.continue-0.8.61-linux-x64/out/extension.js:599016:58
2024-12-14 00:23:06.112 [info] Extension host terminating: renderer closed the MessagePort
2024-12-14 00:23:06.173 [error] ProxyResolver#resolveProxy DIRECT Canceled: Canceled
    at new IT (file:///opt/visual-studio-code/resources/app/out/vs/workbench/api/node/extensionHostProcess.js:32:110702)
    at Dy.U (file:///opt/visual-studio-code/resources/app/out/vs/workbench/api/node/extensionHostProcess.js:32:115312)
    at Proxy.s.<computed>.n.charCodeAt.s.<computed> (file:///opt/visual-studio-code/resources/app/out/vs/workbench/api/node/extensionHostProcess.js:32:112806)
    at V0.resolveProxy (file:///opt/visual-studio-code/resources/app/out/vs/workbench/api/node/extensionHostProcess.js:110:53869)
    at Object.resolveProxy (file:///opt/visual-studio-code/resources/app/out/vs/workbench/api/node/extensionHostProcess.js:159:17332)
    at useProxySettings (/opt/visual-studio-code/resources/app/node_modules/@vscode/proxy-agent/out/index.js:182:16)
    at /opt/visual-studio-code/resources/app/node_modules/@vscode/proxy-agent/out/index.js:205:13
    at new Promise (<anonymous>)
    at resolveProxyURL (/opt/visual-studio-code/resources/app/node_modules/@vscode/proxy-agent/out/index.js:204:35)
    at /opt/visual-studio-code/resources/app/node_modules/@vscode/proxy-agent/out/index.js:518:53
    at Generator.next (<anonymous>)
    at /opt/visual-studio-code/resources/app/node_modules/@vscode/proxy-agent/out/index.js:35:71
    at new Promise (<anonymous>)
    at __awaiter (/opt/visual-studio-code/resources/app/node_modules/@vscode/proxy-agent/out/index.js:31:12)
    at patchedFetch (/opt/visual-studio-code/resources/app/node_modules/@vscode/proxy-agent/out/index.js:507:16)
    at globalThis.fetch (file:///opt/visual-studio-code/resources/app/out/vs/workbench/api/node/extensionHostProcess.js:159:19806)
    at PostHog2.fetch (/home/chunporo/.vscode/extensions/continue.continue-0.8.61-linux-x64/out/extension.js:61143:75)
    at PostHog2.<anonymous> (/home/chunporo/.vscode/extensions/continue.continue-0.8.61-linux-x64/out/extension.js:59773:45)
    at step (/home/chunporo/.vscode/extensions/continue.continue-0.8.61-linux-x64/out/extension.js:58605:24)
    at Object.next (/home/chunporo/.vscode/extensions/continue.continue-0.8.61-linux-x64/out/extension.js:58552:18)
    at /home/chunporo/.vscode/extensions/continue.continue-0.8.61-linux-x64/out/extension.js:58538:71
    at new Promise (<anonymous>)
    at __awaiter4 (/home/chunporo/.vscode/extensions/continue.continue-0.8.61-linux-x64/out/extension.js:58520:14)
    at /home/chunporo/.vscode/extensions/continue.continue-0.8.61-linux-x64/out/extension.js:59764:28
    at /home/chunporo/.vscode/extensions/continue.continue-0.8.61-linux-x64/out/extension.js:58682:26
    at step (/home/chunporo/.vscode/extensions/continue.continue-0.8.61-linux-x64/out/extension.js:58605:24)
    at Object.next (/home/chunporo/.vscode/extensions/continue.continue-0.8.61-linux-x64/out/extension.js:58552:18)
    at /home/chunporo/.vscode/extensions/continue.continue-0.8.61-linux-x64/out/extension.js:58538:71
    at new Promise (<anonymous>)
    at __awaiter4 (/home/chunporo/.vscode/extensions/continue.continue-0.8.61-linux-x64/out/extension.js:58520:14)
    at retriable (/home/chunporo/.vscode/extensions/continue.continue-0.8.61-linux-x64/out/extension.js:58658:14)
    at PostHog2.<anonymous> (/home/chunporo/.vscode/extensions/continue.continue-0.8.61-linux-x64/out/extension.js:59763:30)
    at step (/home/chunporo/.vscode/extensions/continue.continue-0.8.61-linux-x64/out/extension.js:58605:24)
    at Object.next (/home/chunporo/.vscode/extensions/continue.continue-0.8.61-linux-x64/out/extension.js:58552:18)
    at /home/chunporo/.vscode/extensions/continue.continue-0.8.61-linux-x64/out/extension.js:58538:71
    at new Promise (<anonymous>)
    at __awaiter4 (/home/chunporo/.vscode/extensions/continue.continue-0.8.61-linux-x64/out/extension.js:58520:14)
    at PostHog2.PostHogCoreStateless2.fetchWithRetry (/home/chunporo/.vscode/extensions/continue.continue-0.8.61-linux-x64/out/extension.js:59751:18)
    at PostHog2.<anonymous> (/home/chunporo/.vscode/extensions/continue.continue-0.8.61-linux-x64/out/extension.js:59501:31)
    at step (/home/chunporo/.vscode/extensions/continue.continue-0.8.61-linux-x64/out/extension.js:58605:24)
    at Object.next (/home/chunporo/.vscode/extensions/continue.continue-0.8.61-linux-x64/out/extension.js:58552:18)
    at /home/chunporo/.vscode/extensions/continue.continue-0.8.61-linux-x64/out/extension.js:58538:71
    at new Promise (<anonymous>)
    at __awaiter4 (/home/chunporo/.vscode/extensions/continue.continue-0.8.61-linux-x64/out/extension.js:58520:14)
    at PostHog2.PostHogCoreStateless2.getDecide (/home/chunporo/.vscode/extensions/continue.continue-0.8.61-linux-x64/out/extension.js:59491:18)
    at PostHog2.<anonymous> (/home/chunporo/.vscode/extensions/continue.continue-0.8.61-linux-x64/out/extension.js:59647:35)
    at step (/home/chunporo/.vscode/extensions/continue.continue-0.8.61-linux-x64/out/extension.js:58605:24)
    at Object.next (/home/chunporo/.vscode/extensions/continue.continue-0.8.61-linux-x64/out/extension.js:58552:18)
    at /home/chunporo/.vscode/extensions/continue.continue-0.8.61-linux-x64/out/extension.js:58538:71
    at new Promise (<anonymous>)
    at __awaiter4 (/home/chunporo/.vscode/extensions/continue.continue-0.8.61-linux-x64/out/extension.js:58520:14)
    at PostHog2.PostHogCoreStateless2.getFeatureFlagsAndPayloadsStateless (/home/chunporo/.vscode/extensions/continue.continue-0.8.61-linux-x64/out/extension.js:59638:18)
    at PostHog2.<anonymous> (/home/chunporo/.vscode/extensions/continue.continue-0.8.61-linux-x64/out/extension.js:59621:35)
    at step (/home/chunporo/.vscode/extensions/continue.continue-0.8.61-linux-x64/out/extension.js:58605:24)
    at Object.next (/home/chunporo/.vscode/extensions/continue.continue-0.8.61-linux-x64/out/extension.js:58552:18)
    at /home/chunporo/.vscode/extensions/continue.continue-0.8.61-linux-x64/out/extension.js:58538:71
    at new Promise (<anonymous>)
    at __awaiter4 (/home/chunporo/.vscode/extensions/continue.continue-0.8.61-linux-x64/out/extension.js:58520:14)
    at PostHog2.PostHogCoreStateless2.getFeatureFlagsStateless (/home/chunporo/.vscode/extensions/continue.continue-0.8.61-linux-x64/out/extension.js:59617:18)
    at PostHog2.<anonymous> (/home/chunporo/.vscode/extensions/continue.continue-0.8.61-linux-x64/out/extension.js:61192:65)
    at step (/home/chunporo/.vscode/extensions/continue.continue-0.8.61-linux-x64/out/extension.js:58605:24)
    at Object.next (/home/chunporo/.vscode/extensions/continue.continue-0.8.61-linux-x64/out/extension.js:58552:18)
    at /home/chunporo/.vscode/extensions/continue.continue-0.8.61-linux-x64/out/extension.js:58538:71
    at new Promise (<anonymous>)
    at __awaiter4 (/home/chunporo/.vscode/extensions/continue.continue-0.8.61-linux-x64/out/extension.js:58520:14)
    at /home/chunporo/.vscode/extensions/continue.continue-0.8.61-linux-x64/out/extension.js:61179:20
    at processTicksAndRejections (node:internal/process/task_queues:95:5) 
2024-12-14 00:23:06.225 [info] Extension host with pid 9830 exiting with code 0
