2024-12-14 00:15:37.259 [info] Extension host with pid 6734 started
2024-12-14 00:15:37.259 [info] Skipping acquiring lock for /home/chunporo/.config/Code/User/workspaceStorage/384e20f5706e6c4dcf3f90dd3e3b403a.
2024-12-14 00:15:37.725 [info] ExtensionService#_doActivateExtension vscode.github-authentication, startup: false, activationEvent: 'onAuthenticationRequest:github'
2024-12-14 00:15:37.753 [info] ExtensionService#_doActivateExtension mechatroner.rainbow-csv, startup: false, activationEvent: 'onLanguage:plaintext'
2024-12-14 00:15:37.756 [info] ExtensionService#_doActivateExtension Vue.volar, startup: false, activationEvent: 'onLanguage:plaintext'
2024-12-14 00:15:37.799 [info] ExtensionService#_doActivateExtension vscode.emmet, startup: false, activationEvent: 'onLanguage'
2024-12-14 00:15:38.026 [info] ExtensionService#_doActivateExtension vscode.typescript-language-features, startup: false, activationEvent: 'api', root cause: Vue.volar
2024-12-14 00:15:38.515 [info] ExtensionService#_doActivateExtension vscode.git-base, startup: true, activationEvent: '*', root cause: vscode.git
2024-12-14 00:15:38.517 [info] ExtensionService#_doActivateExtension formulahendry.auto-close-tag, startup: true, activationEvent: '*'
2024-12-14 00:15:38.518 [info] ExtensionService#_doActivateExtension formulahendry.auto-rename-tag, startup: true, activationEvent: '*'
2024-12-14 00:15:38.538 [info] ExtensionService#_doActivateExtension icrawl.discord-vscode, startup: true, activationEvent: '*'
2024-12-14 00:15:38.551 [info] ExtensionService#_doActivateExtension mhutchie.git-graph, startup: true, activationEvent: '*'
2024-12-14 00:15:38.561 [info] ExtensionService#_doActivateExtension oderwat.indent-rainbow, startup: true, activationEvent: '*'
2024-12-14 00:15:38.563 [info] ExtensionService#_doActivateExtension Zignd.html-css-class-completion, startup: true, activationEvent: '*'
2024-12-14 00:15:38.719 [info] ExtensionService#_doActivateExtension vscode.git, startup: true, activationEvent: '*'
2024-12-14 00:15:38.765 [info] ExtensionService#_doActivateExtension vscode.github, startup: true, activationEvent: '*'
2024-12-14 00:15:39.188 [info] Eager extensions activated
2024-12-14 00:15:39.220 [info] ExtensionService#_doActivateExtension vscode.debug-auto-launch, startup: false, activationEvent: 'onStartupFinished'
2024-12-14 00:15:39.221 [info] ExtensionService#_doActivateExtension vscode.merge-conflict, startup: false, activationEvent: 'onStartupFinished'
2024-12-14 00:15:39.240 [info] ExtensionService#_doActivateExtension alefragnani.project-manager, startup: false, activationEvent: 'onStartupFinished'
2024-12-14 00:15:39.249 [info] ExtensionService#_doActivateExtension bradlc.vscode-tailwindcss, startup: false, activationEvent: 'onStartupFinished'
2024-12-14 00:15:39.281 [info] ExtensionService#_doActivateExtension Continue.continue, startup: false, activationEvent: 'onStartupFinished'
2024-12-14 00:15:39.578 [info] ExtensionService#_doActivateExtension ecmel.vscode-html-css, startup: false, activationEvent: 'onStartupFinished'
2024-12-14 00:15:39.579 [info] ExtensionService#_doActivateExtension Equinusocio.vsc-material-theme, startup: false, activationEvent: 'onStartupFinished'
2024-12-14 00:15:39.584 [info] ExtensionService#_doActivateExtension equinusocio.vsc-material-theme-icons, startup: false, activationEvent: 'onStartupFinished'
2024-12-14 00:15:39.601 [info] ExtensionService#_doActivateExtension esbenp.prettier-vscode, startup: false, activationEvent: 'onStartupFinished'
2024-12-14 00:15:39.651 [info] ExtensionService#_doActivateExtension ms-vscode.js-debug, startup: false, activationEvent: 'onStartupFinished', root cause: expo.vscode-expo-tools
2024-12-14 00:15:39.743 [info] ExtensionService#_doActivateExtension formulahendry.code-runner, startup: false, activationEvent: 'onStartupFinished'
2024-12-14 00:15:39.757 [info] ExtensionService#_doActivateExtension GitHub.vscode-pull-request-github, startup: false, activationEvent: 'onStartupFinished'
2024-12-14 00:15:39.839 [info] ExtensionService#_doActivateExtension ms-dotnettools.vscode-dotnet-runtime, startup: false, activationEvent: 'onStartupFinished'
2024-12-14 00:15:39.889 [info] ExtensionService#_doActivateExtension ms-vscode-remote.remote-containers, startup: false, activationEvent: 'onStartupFinished'
2024-12-14 00:15:40.019 [info] ExtensionService#_doActivateExtension ms-vscode-remote.remote-wsl, startup: false, activationEvent: 'onStartupFinished'
2024-12-14 00:15:40.109 [info] ExtensionService#_doActivateExtension PKief.material-icon-theme, startup: false, activationEvent: 'onStartupFinished'
2024-12-14 00:15:40.118 [info] ExtensionService#_doActivateExtension ritwickdey.LiveServer, startup: false, activationEvent: 'onStartupFinished'
2024-12-14 00:15:40.122 [info] ExtensionService#_doActivateExtension sainnhe.gruvbox-material, startup: false, activationEvent: 'onStartupFinished'
2024-12-14 00:15:40.126 [info] ExtensionService#_doActivateExtension yy0931.vscode-sqlite3-editor, startup: false, activationEvent: 'onStartupFinished'
2024-12-14 00:15:40.161 [info] ExtensionService#_doActivateExtension zhuangtongfa.material-theme, startup: false, activationEvent: 'onStartupFinished'
2024-12-14 00:15:40.171 [error] TypeError: Cannot read properties of null (reading 'write')
    at IPCTransport.send (/home/chunporo/.vscode/extensions/icrawl.discord-vscode-5.8.0/dist/extension.js:2:24881)
    at /home/chunporo/.vscode/extensions/icrawl.discord-vscode-5.8.0/dist/extension.js:2:24968
    at new Promise (<anonymous>)
    at IPCTransport.close (/home/chunporo/.vscode/extensions/icrawl.discord-vscode-5.8.0/dist/extension.js:2:24925)
    at RPCClient.destroy (/home/chunporo/.vscode/extensions/icrawl.discord-vscode-5.8.0/dist/extension.js:2:18626)
    at login (/home/chunporo/.vscode/extensions/icrawl.discord-vscode-5.8.0/dist/extension.js:2:149260)
    at processTicksAndRejections (node:internal/process/task_queues:95:5)
    at activate (/home/chunporo/.vscode/extensions/icrawl.discord-vscode-5.8.0/dist/extension.js:2:151363)
    at K0.n (file:///opt/visual-studio-code/resources/app/out/vs/workbench/api/node/extensionHostProcess.js:115:4447)
    at K0.m (file:///opt/visual-studio-code/resources/app/out/vs/workbench/api/node/extensionHostProcess.js:115:4410)
    at K0.l (file:///opt/visual-studio-code/resources/app/out/vs/workbench/api/node/extensionHostProcess.js:115:3866)
2024-12-14 00:15:40.319 [info] ExtensionService#_doActivateExtension expo.vscode-expo-tools, startup: false, activationEvent: 'onStartupFinished'
2024-12-14 00:15:40.416 [info] ExtensionService#_doActivateExtension ms-vsliveshare.vsliveshare, startup: false, activationEvent: 'api', root cause: ritwickdey.LiveServer
