2024-12-14 01:32:45.005 [info] Reading sessions from keychain...
2024-12-14 01:32:45.005 [info] Getting sessions for all scopes...
2024-12-14 01:32:45.005 [info] Getting sessions for all scopes...
2024-12-14 01:32:45.005 [info] Getting sessions for all scopes...
2024-12-14 01:32:45.005 [info] Getting sessions for all scopes...
2024-12-14 01:32:45.005 [info] Getting sessions for all scopes...
2024-12-14 01:32:45.005 [info] Getting sessions for all scopes...
2024-12-14 01:32:45.005 [info] Getting sessions for all scopes...
2024-12-14 01:32:45.005 [info] Getting sessions for all scopes...
2024-12-14 01:32:45.081 [info] Got 0 sessions for ...
2024-12-14 01:32:45.081 [info] Got 0 sessions for ...
2024-12-14 01:32:45.081 [info] Got 0 sessions for ...
2024-12-14 01:32:45.081 [info] Got 0 sessions for ...
2024-12-14 01:32:45.081 [info] Got 0 sessions for ...
2024-12-14 01:32:45.081 [info] Got 0 sessions for ...
2024-12-14 01:32:45.081 [info] Got 0 sessions for ...
2024-12-14 01:32:45.081 [info] Got 0 sessions for ...
2024-12-14 01:32:45.276 [info] Getting sessions for all scopes...
2024-12-14 01:32:45.276 [info] Got 0 sessions for ...
2024-12-14 01:32:45.491 [info] Getting sessions for user:email...
2024-12-14 01:32:45.491 [info] Got 0 sessions for user:email...
2024-12-14 01:32:46.678 [info] Getting sessions for all scopes...
2024-12-14 01:32:46.678 [info] Got 0 sessions for ...
2024-12-14 01:32:48.128 [info] Getting sessions for project,read:org,read:user,repo,user:email,workflow...
2024-12-14 01:32:48.128 [info] Got 0 sessions for project,read:org,read:user,repo,user:email,workflow...
2024-12-14 01:32:48.284 [info] Getting sessions for read:user,repo,user:email,workflow...
2024-12-14 01:32:48.284 [info] Got 0 sessions for read:user,repo,user:email,workflow...
2024-12-14 01:32:48.598 [info] Getting sessions for read:user,repo,user:email...
2024-12-14 01:32:48.598 [info] Got 0 sessions for read:user,repo,user:email...
2024-12-14 01:32:48.653 [info] Getting sessions for read:user,repo,user:email,workflow...
2024-12-14 01:32:48.653 [info] Got 0 sessions for read:user,repo,user:email,workflow...
2024-12-14 01:32:48.753 [info] Getting sessions for read:user,repo,user:email,workflow...
2024-12-14 01:32:48.753 [info] Got 0 sessions for read:user,repo,user:email,workflow...
