2024-12-14 12:42:44.979 [info] Extension host with pid 69179 started
2024-12-14 12:42:44.979 [info] Skipping acquiring lock for /home/chunporo/.config/Code/User/workspaceStorage/384e20f5706e6c4dcf3f90dd3e3b403a.
2024-12-14 12:42:45.326 [info] ExtensionService#_doActivateExtension vscode.github-authentication, startup: false, activationEvent: 'onAuthenticationRequest:github'
2024-12-14 12:42:45.356 [info] ExtensionService#_doActivateExtension mechatroner.rainbow-csv, startup: false, activationEvent: 'onLanguage:plaintext'
2024-12-14 12:42:45.360 [info] ExtensionService#_doActivateExtension Vue.volar, startup: false, activationEvent: 'onLanguage:plaintext'
2024-12-14 12:42:45.402 [info] ExtensionService#_doActivateExtension vscode.emmet, startup: false, activationEvent: 'onLanguage'
2024-12-14 12:42:45.465 [info] ExtensionService#_doActivateExtension vscode.typescript-language-features, startup: false, activationEvent: 'api', root cause: Vue.volar
2024-12-14 12:42:46.126 [info] ExtensionService#_doActivateExtension vscode.git-base, startup: true, activationEvent: '*', root cause: vscode.git
2024-12-14 12:42:46.128 [info] ExtensionService#_doActivateExtension formulahendry.auto-close-tag, startup: true, activationEvent: '*'
2024-12-14 12:42:46.130 [info] ExtensionService#_doActivateExtension formulahendry.auto-rename-tag, startup: true, activationEvent: '*'
2024-12-14 12:42:46.151 [info] ExtensionService#_doActivateExtension icrawl.discord-vscode, startup: true, activationEvent: '*'
2024-12-14 12:42:46.166 [info] ExtensionService#_doActivateExtension mhutchie.git-graph, startup: true, activationEvent: '*'
2024-12-14 12:42:46.183 [info] ExtensionService#_doActivateExtension oderwat.indent-rainbow, startup: true, activationEvent: '*'
2024-12-14 12:42:46.185 [info] ExtensionService#_doActivateExtension Zignd.html-css-class-completion, startup: true, activationEvent: '*'
2024-12-14 12:42:46.347 [info] ExtensionService#_doActivateExtension vscode.git, startup: true, activationEvent: '*'
2024-12-14 12:42:46.404 [info] ExtensionService#_doActivateExtension vscode.github, startup: true, activationEvent: '*'
2024-12-14 12:42:46.932 [info] Eager extensions activated
2024-12-14 12:42:46.948 [info] ExtensionService#_doActivateExtension vscode.debug-auto-launch, startup: false, activationEvent: 'onStartupFinished'
2024-12-14 12:42:46.952 [info] ExtensionService#_doActivateExtension vscode.merge-conflict, startup: false, activationEvent: 'onStartupFinished'
2024-12-14 12:42:46.966 [info] ExtensionService#_doActivateExtension alefragnani.project-manager, startup: false, activationEvent: 'onStartupFinished'
2024-12-14 12:42:46.976 [info] ExtensionService#_doActivateExtension bradlc.vscode-tailwindcss, startup: false, activationEvent: 'onStartupFinished'
2024-12-14 12:42:47.004 [info] ExtensionService#_doActivateExtension Continue.continue, startup: false, activationEvent: 'onStartupFinished'
2024-12-14 12:42:47.290 [info] ExtensionService#_doActivateExtension ecmel.vscode-html-css, startup: false, activationEvent: 'onStartupFinished'
2024-12-14 12:42:47.293 [info] ExtensionService#_doActivateExtension Equinusocio.vsc-material-theme, startup: false, activationEvent: 'onStartupFinished'
2024-12-14 12:42:47.301 [info] ExtensionService#_doActivateExtension equinusocio.vsc-material-theme-icons, startup: false, activationEvent: 'onStartupFinished'
2024-12-14 12:42:47.329 [info] ExtensionService#_doActivateExtension esbenp.prettier-vscode, startup: false, activationEvent: 'onStartupFinished'
2024-12-14 12:42:47.378 [info] ExtensionService#_doActivateExtension ms-vscode.js-debug, startup: false, activationEvent: 'onStartupFinished', root cause: expo.vscode-expo-tools
2024-12-14 12:42:47.455 [info] ExtensionService#_doActivateExtension formulahendry.code-runner, startup: false, activationEvent: 'onStartupFinished'
2024-12-14 12:42:47.474 [info] ExtensionService#_doActivateExtension GitHub.vscode-pull-request-github, startup: false, activationEvent: 'onStartupFinished'
2024-12-14 12:42:47.545 [info] ExtensionService#_doActivateExtension ms-dotnettools.vscode-dotnet-runtime, startup: false, activationEvent: 'onStartupFinished'
2024-12-14 12:42:47.597 [info] ExtensionService#_doActivateExtension ms-vscode-remote.remote-containers, startup: false, activationEvent: 'onStartupFinished'
2024-12-14 12:42:47.722 [info] ExtensionService#_doActivateExtension ms-vscode-remote.remote-wsl, startup: false, activationEvent: 'onStartupFinished'
2024-12-14 12:42:47.798 [info] ExtensionService#_doActivateExtension PKief.material-icon-theme, startup: false, activationEvent: 'onStartupFinished'
2024-12-14 12:42:47.810 [info] ExtensionService#_doActivateExtension ritwickdey.LiveServer, startup: false, activationEvent: 'onStartupFinished'
2024-12-14 12:42:47.816 [info] ExtensionService#_doActivateExtension sainnhe.gruvbox-material, startup: false, activationEvent: 'onStartupFinished'
2024-12-14 12:42:47.825 [info] ExtensionService#_doActivateExtension yy0931.vscode-sqlite3-editor, startup: false, activationEvent: 'onStartupFinished'
2024-12-14 12:42:47.884 [info] ExtensionService#_doActivateExtension zhuangtongfa.material-theme, startup: false, activationEvent: 'onStartupFinished'
2024-12-14 12:42:47.906 [error] TypeError: Cannot read properties of null (reading 'write')
    at IPCTransport.send (/home/chunporo/.vscode/extensions/icrawl.discord-vscode-5.8.0/dist/extension.js:2:24881)
    at /home/chunporo/.vscode/extensions/icrawl.discord-vscode-5.8.0/dist/extension.js:2:24968
    at new Promise (<anonymous>)
    at IPCTransport.close (/home/chunporo/.vscode/extensions/icrawl.discord-vscode-5.8.0/dist/extension.js:2:24925)
    at RPCClient.destroy (/home/chunporo/.vscode/extensions/icrawl.discord-vscode-5.8.0/dist/extension.js:2:18626)
    at login (/home/chunporo/.vscode/extensions/icrawl.discord-vscode-5.8.0/dist/extension.js:2:149260)
    at processTicksAndRejections (node:internal/process/task_queues:95:5)
    at activate (/home/chunporo/.vscode/extensions/icrawl.discord-vscode-5.8.0/dist/extension.js:2:151363)
    at K0.n (file:///opt/visual-studio-code/resources/app/out/vs/workbench/api/node/extensionHostProcess.js:115:4447)
    at K0.m (file:///opt/visual-studio-code/resources/app/out/vs/workbench/api/node/extensionHostProcess.js:115:4410)
    at K0.l (file:///opt/visual-studio-code/resources/app/out/vs/workbench/api/node/extensionHostProcess.js:115:3866)
2024-12-14 12:42:48.034 [info] ExtensionService#_doActivateExtension expo.vscode-expo-tools, startup: false, activationEvent: 'onStartupFinished'
2024-12-14 12:42:48.125 [info] ExtensionService#_doActivateExtension ms-vsliveshare.vsliveshare, startup: false, activationEvent: 'api', root cause: ritwickdey.LiveServer
2024-12-14 13:51:32.182 [warning] [Decorations] CAPPING events from decorations provider vscode.git 4742
2024-12-14 13:51:34.405 [warning] [Decorations] CAPPING events from decorations provider vscode.git 4742
2024-12-14 13:51:39.526 [warning] [Decorations] CAPPING events from decorations provider vscode.git 4742
2024-12-14 13:51:54.233 [info] ExtensionService#_doActivateExtension MichaelCurrin.auto-commit-msg, startup: false, activationEvent: 'onCommand:commitMsg.autofill'
2024-12-14 13:51:54.264 [error] Error: Command failed: git -c "core.quotePath=false" diff-index --name-status --find-renames --find-copies --no-color --cached HEAD
fatal: ambiguous argument 'HEAD': unknown revision or path not in the working tree.
Use '--' to separate paths from revisions, like this:
'git <command> [<revision>...] -- [<file>...]'

    at genericNodeError (node:internal/errors:984:15)
    at wrappedFn (node:internal/errors:538:14)
    at ChildProcess.exithandler (node:child_process:423:12)
    at ChildProcess.emit (node:events:518:28)
    at maybeClose (node:internal/child_process:1104:16)
    at Socket.<anonymous> (node:internal/child_process:456:11)
    at Socket.emit (node:events:518:28)
    at Pipe.<anonymous> (node:net:343:12) commitMsg.autofill {"value":"MichaelCurrin.auto-commit-msg","_lower":"michaelcurrin.auto-commit-msg"}
2024-12-14 13:52:24.212 [warning] [Decorations] CAPPING events from decorations provider vscode.git 4742
2024-12-14 13:52:24.572 [warning] [Decorations] CAPPING events from decorations provider vscode.git 4742
2024-12-14 13:52:29.099 [error] Error: Command failed: git -c "core.quotePath=false" diff-index --name-status --find-renames --find-copies --no-color --cached HEAD
fatal: ambiguous argument 'HEAD': unknown revision or path not in the working tree.
Use '--' to separate paths from revisions, like this:
'git <command> [<revision>...] -- [<file>...]'

    at genericNodeError (node:internal/errors:984:15)
    at wrappedFn (node:internal/errors:538:14)
    at ChildProcess.exithandler (node:child_process:423:12)
    at ChildProcess.emit (node:events:518:28)
    at maybeClose (node:internal/child_process:1104:16)
    at Socket.<anonymous> (node:internal/child_process:456:11)
    at Socket.emit (node:events:518:28)
    at Pipe.<anonymous> (node:net:343:12) commitMsg.autofill {"value":"MichaelCurrin.auto-commit-msg","_lower":"michaelcurrin.auto-commit-msg"}
2024-12-14 13:52:29.682 [warning] [Decorations] CAPPING events from decorations provider vscode.git 4742
2024-12-14 13:52:34.802 [warning] [Decorations] CAPPING events from decorations provider vscode.git 4742
2024-12-14 13:52:39.946 [warning] [Decorations] CAPPING events from decorations provider vscode.git 4742
2024-12-14 13:52:45.107 [warning] [Decorations] CAPPING events from decorations provider vscode.git 4742
2024-12-14 13:52:50.211 [warning] [Decorations] CAPPING events from decorations provider vscode.git 4742
2024-12-14 13:52:55.326 [warning] [Decorations] CAPPING events from decorations provider vscode.git 4742
2024-12-14 13:53:00.461 [warning] [Decorations] CAPPING events from decorations provider vscode.git 4742
2024-12-14 13:53:07.769 [warning] [Decorations] CAPPING events from decorations provider vscode.git 4742
2024-12-14 13:53:12.888 [warning] [Decorations] CAPPING events from decorations provider vscode.git 4742
2024-12-14 13:53:18.010 [warning] [Decorations] CAPPING events from decorations provider vscode.git 4742
2024-12-14 13:53:23.136 [warning] [Decorations] CAPPING events from decorations provider vscode.git 4742
2024-12-14 13:53:26.575 [info] ExtensionService#_doActivateExtension vscode.microsoft-authentication, startup: false, activationEvent: 'onAuthenticationRequest:microsoft'
2024-12-14 13:53:28.257 [warning] [Decorations] CAPPING events from decorations provider vscode.git 4743
2024-12-14 13:53:35.315 [warning] [Decorations] CAPPING events from decorations provider vscode.git 4743
2024-12-14 13:53:40.447 [warning] [Decorations] CAPPING events from decorations provider vscode.git 4743
2024-12-14 13:53:45.577 [warning] [Decorations] CAPPING events from decorations provider vscode.git 4743
2024-12-14 13:53:50.705 [warning] [Decorations] CAPPING events from decorations provider vscode.git 4743
2024-12-14 13:53:55.831 [warning] [Decorations] CAPPING events from decorations provider vscode.git 4743
2024-12-14 13:54:00.951 [warning] [Decorations] CAPPING events from decorations provider vscode.git 4743
2024-12-14 13:54:03.315 [warning] [Decorations] CAPPING events from decorations provider vscode.git 4743
