2024-12-14 00:21:40.427 [info] Reading sessions from keychain...
2024-12-14 00:21:40.427 [info] Getting sessions for all scopes...
2024-12-14 00:21:40.427 [info] Getting sessions for all scopes...
2024-12-14 00:21:40.455 [info] Getting sessions for all scopes...
2024-12-14 00:21:40.455 [info] Getting sessions for all scopes...
2024-12-14 00:21:40.455 [info] Getting sessions for all scopes...
2024-12-14 00:21:40.455 [info] Getting sessions for all scopes...
2024-12-14 00:21:40.455 [info] Getting sessions for all scopes...
2024-12-14 00:21:40.455 [info] Getting sessions for all scopes...
2024-12-14 00:21:40.497 [info] Got 0 sessions for ...
2024-12-14 00:21:40.497 [info] Got 0 sessions for ...
2024-12-14 00:21:40.497 [info] Got 0 sessions for ...
2024-12-14 00:21:40.497 [info] Got 0 sessions for ...
2024-12-14 00:21:40.497 [info] Got 0 sessions for ...
2024-12-14 00:21:40.497 [info] Got 0 sessions for ...
2024-12-14 00:21:40.497 [info] Got 0 sessions for ...
2024-12-14 00:21:40.497 [info] Got 0 sessions for ...
2024-12-14 00:21:42.876 [info] Getting sessions for project,read:org,read:user,repo,user:email,workflow...
2024-12-14 00:21:42.876 [info] Got 0 sessions for project,read:org,read:user,repo,user:email,workflow...
2024-12-14 00:21:42.937 [info] Getting sessions for read:user,repo,user:email,workflow...
2024-12-14 00:21:42.937 [info] Got 0 sessions for read:user,repo,user:email,workflow...
2024-12-14 00:21:42.998 [info] Getting sessions for read:user,repo,user:email...
2024-12-14 00:21:42.998 [info] Got 0 sessions for read:user,repo,user:email...
2024-12-14 00:21:43.169 [info] Getting sessions for read:user,repo,user:email,workflow...
2024-12-14 00:21:43.169 [info] Got 0 sessions for read:user,repo,user:email,workflow...
2024-12-14 00:21:43.242 [info] Getting sessions for read:user,repo,user:email,workflow...
2024-12-14 00:21:43.242 [info] Got 0 sessions for read:user,repo,user:email,workflow...
2024-12-14 00:21:44.205 [info] Getting sessions for all scopes...
2024-12-14 00:21:44.205 [info] Got 0 sessions for ...
2024-12-14 00:21:44.206 [info] Getting sessions for user:email...
2024-12-14 00:21:44.206 [info] Got 0 sessions for user:email...
2024-12-14 00:21:55.609 [info] Getting sessions for all scopes...
2024-12-14 00:21:55.609 [info] Got 0 sessions for ...
