2024-12-14 01:00:20.410 [info] [main] Log level: Info
2024-12-14 01:00:20.410 [info] [main] Validating found git in: "git"
2024-12-14 01:00:20.410 [info] [main] Using git "2.47.1" from "git"
2024-12-14 01:00:20.410 [info] [Model][doInitialScan] Initial repository scan started
2024-12-14 01:00:20.410 [info] > git rev-parse --show-toplevel [6ms]
2024-12-14 01:00:20.410 [info] fatal: not a git repository (or any parent up to mount point /)
Stopping at filesystem boundary (GIT_DISCOVERY_ACROSS_FILESYSTEM not set).
2024-12-14 01:00:20.410 [info] > git rev-parse --show-toplevel [6ms]
2024-12-14 01:00:20.410 [info] fatal: not a git repository (or any parent up to mount point /)
Stopping at filesystem boundary (GIT_DISCOVERY_ACROSS_FILESYSTEM not set).
2024-12-14 01:00:20.604 [info] > git rev-parse --show-toplevel [1ms]
2024-12-14 01:00:20.604 [info] fatal: not a git repository (or any parent up to mount point /)
Stopping at filesystem boundary (GIT_DISCOVERY_ACROSS_FILESYSTEM not set).
2024-12-14 01:00:20.610 [info] > git rev-parse --show-toplevel [1ms]
2024-12-14 01:00:20.610 [info] fatal: not a git repository (or any parent up to mount point /)
Stopping at filesystem boundary (GIT_DISCOVERY_ACROSS_FILESYSTEM not set).
2024-12-14 01:00:20.668 [info] > git rev-parse --show-toplevel [7ms]
2024-12-14 01:00:20.668 [info] fatal: not a git repository (or any parent up to mount point /)
Stopping at filesystem boundary (GIT_DISCOVERY_ACROSS_FILESYSTEM not set).
2024-12-14 01:00:21.014 [info] > git rev-parse --show-toplevel [340ms]
2024-12-14 01:00:21.014 [info] fatal: not a git repository (or any parent up to mount point /)
Stopping at filesystem boundary (GIT_DISCOVERY_ACROSS_FILESYSTEM not set).
2024-12-14 01:00:21.671 [info] > git rev-parse --show-toplevel [113ms]
2024-12-14 01:00:21.671 [info] fatal: not a git repository (or any parent up to mount point /)
Stopping at filesystem boundary (GIT_DISCOVERY_ACROSS_FILESYSTEM not set).
2024-12-14 01:00:21.976 [info] > git rev-parse --show-toplevel [31ms]
2024-12-14 01:00:21.976 [info] fatal: not a git repository (or any parent up to mount point /)
Stopping at filesystem boundary (GIT_DISCOVERY_ACROSS_FILESYSTEM not set).
2024-12-14 01:00:21.997 [info] > git rev-parse --show-toplevel [12ms]
2024-12-14 01:00:21.997 [info] fatal: not a git repository (or any parent up to mount point /)
Stopping at filesystem boundary (GIT_DISCOVERY_ACROSS_FILESYSTEM not set).
2024-12-14 01:00:22.018 [info] > git rev-parse --show-toplevel [5ms]
2024-12-14 01:00:22.018 [info] fatal: not a git repository (or any parent up to mount point /)
Stopping at filesystem boundary (GIT_DISCOVERY_ACROSS_FILESYSTEM not set).
2024-12-14 01:00:22.052 [info] > git rev-parse --show-toplevel [7ms]
2024-12-14 01:00:22.052 [info] fatal: not a git repository (or any parent up to mount point /)
Stopping at filesystem boundary (GIT_DISCOVERY_ACROSS_FILESYSTEM not set).
2024-12-14 01:00:22.084 [info] > git rev-parse --show-toplevel [17ms]
2024-12-14 01:00:22.084 [info] fatal: not a git repository (or any parent up to mount point /)
Stopping at filesystem boundary (GIT_DISCOVERY_ACROSS_FILESYSTEM not set).
2024-12-14 01:00:22.144 [info] > git rev-parse --show-toplevel [20ms]
2024-12-14 01:00:22.145 [info] fatal: not a git repository (or any parent up to mount point /)
Stopping at filesystem boundary (GIT_DISCOVERY_ACROSS_FILESYSTEM not set).
2024-12-14 01:00:22.309 [info] > git rev-parse --show-toplevel [6ms]
2024-12-14 01:00:22.309 [info] fatal: not a git repository (or any parent up to mount point /)
Stopping at filesystem boundary (GIT_DISCOVERY_ACROSS_FILESYSTEM not set).
2024-12-14 01:00:22.340 [info] > git rev-parse --show-toplevel [11ms]
2024-12-14 01:00:22.340 [info] fatal: not a git repository (or any parent up to mount point /)
Stopping at filesystem boundary (GIT_DISCOVERY_ACROSS_FILESYSTEM not set).
2024-12-14 01:00:22.361 [info] > git rev-parse --show-toplevel [8ms]
2024-12-14 01:00:22.361 [info] fatal: not a git repository (or any parent up to mount point /)
Stopping at filesystem boundary (GIT_DISCOVERY_ACROSS_FILESYSTEM not set).
2024-12-14 01:00:22.392 [info] > git rev-parse --show-toplevel [21ms]
2024-12-14 01:00:22.392 [info] fatal: not a git repository (or any parent up to mount point /)
Stopping at filesystem boundary (GIT_DISCOVERY_ACROSS_FILESYSTEM not set).
2024-12-14 01:00:22.405 [info] > git rev-parse --show-toplevel [3ms]
2024-12-14 01:00:22.405 [info] fatal: not a git repository (or any parent up to mount point /)
Stopping at filesystem boundary (GIT_DISCOVERY_ACROSS_FILESYSTEM not set).
2024-12-14 01:00:22.424 [info] > git rev-parse --show-toplevel [10ms]
2024-12-14 01:00:22.424 [info] fatal: not a git repository (or any parent up to mount point /)
Stopping at filesystem boundary (GIT_DISCOVERY_ACROSS_FILESYSTEM not set).
2024-12-14 01:00:22.441 [info] > git rev-parse --show-toplevel [11ms]
2024-12-14 01:00:22.441 [info] fatal: not a git repository (or any parent up to mount point /)
Stopping at filesystem boundary (GIT_DISCOVERY_ACROSS_FILESYSTEM not set).
2024-12-14 01:00:22.449 [info] > git rev-parse --show-toplevel [1ms]
2024-12-14 01:00:22.449 [info] fatal: not a git repository (or any parent up to mount point /)
Stopping at filesystem boundary (GIT_DISCOVERY_ACROSS_FILESYSTEM not set).
2024-12-14 01:00:22.455 [info] > git rev-parse --show-toplevel [1ms]
2024-12-14 01:00:22.455 [info] fatal: not a git repository (or any parent up to mount point /)
Stopping at filesystem boundary (GIT_DISCOVERY_ACROSS_FILESYSTEM not set).
2024-12-14 01:00:22.464 [info] > git rev-parse --show-toplevel [2ms]
2024-12-14 01:00:22.464 [info] fatal: not a git repository (or any parent up to mount point /)
Stopping at filesystem boundary (GIT_DISCOVERY_ACROSS_FILESYSTEM not set).
2024-12-14 01:00:22.472 [info] > git rev-parse --show-toplevel [1ms]
2024-12-14 01:00:22.472 [info] fatal: not a git repository (or any parent up to mount point /)
Stopping at filesystem boundary (GIT_DISCOVERY_ACROSS_FILESYSTEM not set).
2024-12-14 01:00:22.479 [info] > git rev-parse --show-toplevel [1ms]
2024-12-14 01:00:22.479 [info] fatal: not a git repository (or any parent up to mount point /)
Stopping at filesystem boundary (GIT_DISCOVERY_ACROSS_FILESYSTEM not set).
2024-12-14 01:00:22.487 [info] > git rev-parse --show-toplevel [2ms]
2024-12-14 01:00:22.487 [info] fatal: not a git repository (or any parent up to mount point /)
Stopping at filesystem boundary (GIT_DISCOVERY_ACROSS_FILESYSTEM not set).
2024-12-14 01:00:22.493 [info] > git rev-parse --show-toplevel [1ms]
2024-12-14 01:00:22.493 [info] fatal: not a git repository (or any parent up to mount point /)
Stopping at filesystem boundary (GIT_DISCOVERY_ACROSS_FILESYSTEM not set).
2024-12-14 01:00:22.499 [info] > git rev-parse --show-toplevel [1ms]
2024-12-14 01:00:22.499 [info] fatal: not a git repository (or any parent up to mount point /)
Stopping at filesystem boundary (GIT_DISCOVERY_ACROSS_FILESYSTEM not set).
2024-12-14 01:00:22.505 [info] > git rev-parse --show-toplevel [1ms]
2024-12-14 01:00:22.505 [info] fatal: not a git repository (or any parent up to mount point /)
Stopping at filesystem boundary (GIT_DISCOVERY_ACROSS_FILESYSTEM not set).
2024-12-14 01:00:22.511 [info] > git rev-parse --show-toplevel [1ms]
2024-12-14 01:00:22.511 [info] fatal: not a git repository (or any parent up to mount point /)
Stopping at filesystem boundary (GIT_DISCOVERY_ACROSS_FILESYSTEM not set).
2024-12-14 01:00:22.512 [info] [Model][doInitialScan] Initial repository scan completed - repositories (0), closed repositories (0), parent repositories (0), unsafe repositories (0)
2024-12-14 01:00:34.612 [info] > git rev-parse --show-toplevel [6ms]
2024-12-14 01:00:34.612 [info] fatal: not a git repository (or any parent up to mount point /)
Stopping at filesystem boundary (GIT_DISCOVERY_ACROSS_FILESYSTEM not set).
2024-12-14 01:00:46.770 [info] > git rev-parse --show-toplevel [6ms]
2024-12-14 01:00:46.771 [info] fatal: not a git repository (or any parent up to mount point /)
Stopping at filesystem boundary (GIT_DISCOVERY_ACROSS_FILESYSTEM not set).
2024-12-14 01:00:53.769 [info] > git rev-parse --show-toplevel [2ms]
2024-12-14 01:00:53.769 [info] fatal: not a git repository (or any parent up to mount point /)
Stopping at filesystem boundary (GIT_DISCOVERY_ACROSS_FILESYSTEM not set).
