2024-12-14 00:15:37.969 [info] Reading sessions from keychain...
2024-12-14 00:15:37.969 [info] Getting sessions for all scopes...
2024-12-14 00:15:37.969 [info] Getting sessions for all scopes...
2024-12-14 00:15:37.969 [info] Getting sessions for all scopes...
2024-12-14 00:15:37.969 [info] Getting sessions for all scopes...
2024-12-14 00:15:37.969 [info] Getting sessions for all scopes...
2024-12-14 00:15:37.969 [info] Getting sessions for all scopes...
2024-12-14 00:15:37.969 [info] Getting sessions for all scopes...
2024-12-14 00:15:37.969 [info] Getting sessions for all scopes...
2024-12-14 00:15:38.066 [info] Got 0 sessions for ...
2024-12-14 00:15:38.067 [info] Got 0 sessions for ...
2024-12-14 00:15:38.067 [info] Got 0 sessions for ...
2024-12-14 00:15:38.067 [info] Got 0 sessions for ...
2024-12-14 00:15:38.067 [info] Got 0 sessions for ...
2024-12-14 00:15:38.067 [info] Got 0 sessions for ...
2024-12-14 00:15:38.067 [info] Got 0 sessions for ...
2024-12-14 00:15:38.067 [info] Got 0 sessions for ...
2024-12-14 00:15:38.096 [info] Getting sessions for all scopes...
2024-12-14 00:15:38.096 [info] Got 0 sessions for ...
2024-12-14 00:15:38.250 [info] Getting sessions for user:email...
2024-12-14 00:15:38.250 [info] Got 0 sessions for user:email...
2024-12-14 00:15:40.203 [info] Getting sessions for all scopes...
2024-12-14 00:15:40.204 [info] Got 0 sessions for ...
2024-12-14 00:15:40.654 [info] Getting sessions for project,read:org,read:user,repo,user:email,workflow...
2024-12-14 00:15:40.654 [info] Got 0 sessions for project,read:org,read:user,repo,user:email,workflow...
2024-12-14 00:15:40.731 [info] Getting sessions for read:user,repo,user:email,workflow...
2024-12-14 00:15:40.731 [info] Got 0 sessions for read:user,repo,user:email,workflow...
2024-12-14 00:15:40.796 [info] Getting sessions for read:user,repo,user:email...
2024-12-14 00:15:40.796 [info] Got 0 sessions for read:user,repo,user:email...
2024-12-14 00:15:40.993 [info] Getting sessions for read:user,repo,user:email,workflow...
2024-12-14 00:15:40.993 [info] Got 0 sessions for read:user,repo,user:email,workflow...
2024-12-14 00:15:41.080 [info] Getting sessions for read:user,repo,user:email,workflow...
2024-12-14 00:15:41.081 [info] Got 0 sessions for read:user,repo,user:email,workflow...
