2024-12-14 00:15:36.218 [warning] Via 'product.json#extensionEnabledApiProposals' extension 'ms-vscode.vscode-selfhost-test-provider' wants API proposal 'attributableCoverage' but that proposal DOES NOT EXIST. Likely, the proposal has been finalized (check 'vscode.d.ts') or was abandoned.
2024-12-14 00:15:36.218 [warning] Via 'product.json#extensionEnabledApiProposals' extension 'ms-python.python' wants API proposal 'contribIssueReporter' but that proposal DOES NOT EXIST. Likely, the proposal has been finalized (check 'vscode.d.ts') or was abandoned.
2024-12-14 00:15:36.218 [warning] Via 'product.json#extensionEnabledApiProposals' extension 'ms-python.debugpy' wants API proposal 'contribIssueReporter' but that proposal DOES NOT EXIST. Likely, the proposal has been finalized (check 'vscode.d.ts') or was abandoned.
2024-12-14 00:15:36.447 [info] Started local extension host with pid 6698.
2024-12-14 00:15:36.725 [info] [ms-vscode.js-debug-nightly]: Command `extension.js-debug.prettyPrint` already registered by JavaScript Debugger (ms-vscode.js-debug)
2024-12-14 00:15:36.725 [info] [ms-vscode.js-debug-nightly]: Command `extension.js-debug.toggleSkippingFile` already registered by JavaScript Debugger (ms-vscode.js-debug)
2024-12-14 00:15:36.725 [info] [ms-vscode.js-debug-nightly]: Command `extension.js-debug.addCustomBreakpoints` already registered by JavaScript Debugger (ms-vscode.js-debug)
2024-12-14 00:15:36.725 [info] [ms-vscode.js-debug-nightly]: Command `extension.js-debug.removeAllCustomBreakpoints` already registered by JavaScript Debugger (ms-vscode.js-debug)
2024-12-14 00:15:36.725 [info] [ms-vscode.js-debug-nightly]: Command `extension.js-debug.addXHRBreakpoints` already registered by JavaScript Debugger (ms-vscode.js-debug)
2024-12-14 00:15:36.726 [info] [ms-vscode.js-debug-nightly]: Command `extension.js-debug.removeXHRBreakpoint` already registered by JavaScript Debugger (ms-vscode.js-debug)
2024-12-14 00:15:36.726 [info] [ms-vscode.js-debug-nightly]: Command `extension.js-debug.editXHRBreakpoints` already registered by JavaScript Debugger (ms-vscode.js-debug)
2024-12-14 00:15:36.726 [info] [ms-vscode.js-debug-nightly]: Command `extension.pwa-node-debug.attachNodeProcess` already registered by JavaScript Debugger (ms-vscode.js-debug)
2024-12-14 00:15:36.726 [info] [ms-vscode.js-debug-nightly]: Command `extension.js-debug.npmScript` already registered by JavaScript Debugger (ms-vscode.js-debug)
2024-12-14 00:15:36.726 [info] [ms-vscode.js-debug-nightly]: Command `extension.js-debug.createDebuggerTerminal` already registered by JavaScript Debugger (ms-vscode.js-debug)
2024-12-14 00:15:36.726 [info] [ms-vscode.js-debug-nightly]: Command `extension.js-debug.startProfile` already registered by JavaScript Debugger (ms-vscode.js-debug)
2024-12-14 00:15:36.726 [info] [ms-vscode.js-debug-nightly]: Command `extension.js-debug.stopProfile` already registered by JavaScript Debugger (ms-vscode.js-debug)
2024-12-14 00:15:36.727 [info] [ms-vscode.js-debug-nightly]: Command `extension.js-debug.revealPage` already registered by JavaScript Debugger (ms-vscode.js-debug)
2024-12-14 00:15:36.727 [info] [ms-vscode.js-debug-nightly]: Command `extension.js-debug.debugLink` already registered by JavaScript Debugger (ms-vscode.js-debug)
2024-12-14 00:15:36.727 [info] [ms-vscode.js-debug-nightly]: Command `extension.js-debug.createDiagnostics` already registered by JavaScript Debugger (ms-vscode.js-debug)
2024-12-14 00:15:36.727 [info] [ms-vscode.js-debug-nightly]: Command `extension.js-debug.getDiagnosticLogs` already registered by JavaScript Debugger (ms-vscode.js-debug)
2024-12-14 00:15:36.727 [info] [ms-vscode.js-debug-nightly]: Command `extension.node-debug.startWithStopOnEntry` already registered by JavaScript Debugger (ms-vscode.js-debug)
2024-12-14 00:15:36.727 [info] [ms-vscode.js-debug-nightly]: Command `extension.js-debug.openEdgeDevTools` already registered by JavaScript Debugger (ms-vscode.js-debug)
2024-12-14 00:15:36.727 [info] [ms-vscode.js-debug-nightly]: Command `extension.js-debug.callers.add` already registered by JavaScript Debugger (ms-vscode.js-debug)
2024-12-14 00:15:36.728 [info] [ms-vscode.js-debug-nightly]: Command `extension.js-debug.callers.remove` already registered by JavaScript Debugger (ms-vscode.js-debug)
2024-12-14 00:15:36.728 [info] [ms-vscode.js-debug-nightly]: Command `extension.js-debug.callers.removeAll` already registered by JavaScript Debugger (ms-vscode.js-debug)
2024-12-14 00:15:36.728 [info] [ms-vscode.js-debug-nightly]: Command `extension.js-debug.callers.goToCaller` already registered by JavaScript Debugger (ms-vscode.js-debug)
2024-12-14 00:15:36.728 [info] [ms-vscode.js-debug-nightly]: Command `extension.js-debug.callers.gotToTarget` already registered by JavaScript Debugger (ms-vscode.js-debug)
2024-12-14 00:15:36.729 [info] [ms-vscode.js-debug-nightly]: Command `extension.js-debug.enableSourceMapStepping` already registered by JavaScript Debugger (ms-vscode.js-debug)
2024-12-14 00:15:36.729 [info] [ms-vscode.js-debug-nightly]: Command `extension.js-debug.disableSourceMapStepping` already registered by JavaScript Debugger (ms-vscode.js-debug)
2024-12-14 00:15:36.729 [info] [ms-vscode.js-debug-nightly]: Command `extension.js-debug.network.viewRequest` already registered by JavaScript Debugger (ms-vscode.js-debug)
2024-12-14 00:15:36.729 [info] [ms-vscode.js-debug-nightly]: Command `extension.js-debug.network.clear` already registered by JavaScript Debugger (ms-vscode.js-debug)
2024-12-14 00:15:36.729 [info] [ms-vscode.js-debug-nightly]: Command `extension.js-debug.network.openBody` already registered by JavaScript Debugger (ms-vscode.js-debug)
2024-12-14 00:15:36.730 [info] [ms-vscode.js-debug-nightly]: Command `extension.js-debug.network.openBodyInHex` already registered by JavaScript Debugger (ms-vscode.js-debug)
2024-12-14 00:15:36.730 [info] [ms-vscode.js-debug-nightly]: Command `extension.js-debug.network.replayXHR` already registered by JavaScript Debugger (ms-vscode.js-debug)
2024-12-14 00:15:36.730 [info] [ms-vscode.js-debug-nightly]: Command `extension.js-debug.network.copyUri` already registered by JavaScript Debugger (ms-vscode.js-debug)
2024-12-14 00:15:36.744 [warning] [ms-vscode.js-debug-nightly]: Cannot register 'debug.javascript.codelens.npmScripts'. This property is already registered.
2024-12-14 00:15:36.744 [warning] [ms-vscode.js-debug-nightly]: Cannot register 'debug.javascript.terminalOptions'. This property is already registered.
2024-12-14 00:15:36.744 [warning] [ms-vscode.js-debug-nightly]: Cannot register 'debug.javascript.automaticallyTunnelRemoteServer'. This property is already registered.
2024-12-14 00:15:36.744 [warning] [ms-vscode.js-debug-nightly]: Cannot register 'debug.javascript.debugByLinkOptions'. This property is already registered.
2024-12-14 00:15:36.745 [warning] [ms-vscode.js-debug-nightly]: Cannot register 'debug.javascript.pickAndAttachOptions'. This property is already registered.
2024-12-14 00:15:36.745 [warning] [ms-vscode.js-debug-nightly]: Cannot register 'debug.javascript.autoAttachFilter'. This property is already registered.
2024-12-14 00:15:36.745 [warning] [ms-vscode.js-debug-nightly]: Cannot register 'debug.javascript.autoAttachSmartPattern'. This property is already registered.
2024-12-14 00:15:36.745 [warning] [ms-vscode.js-debug-nightly]: Cannot register 'debug.javascript.breakOnConditionalError'. This property is already registered.
2024-12-14 00:15:36.745 [warning] [ms-vscode.js-debug-nightly]: Cannot register 'debug.javascript.unmapMissingSources'. This property is already registered.
2024-12-14 00:15:36.747 [warning] [ms-vscode.js-debug-nightly]: Cannot register 'debug.javascript.defaultRuntimeExecutable'. This property is already registered.
2024-12-14 00:15:36.747 [warning] [ms-vscode.js-debug-nightly]: Cannot register 'debug.javascript.resourceRequestOptions'. This property is already registered.
2024-12-14 00:15:36.747 [warning] [ms-vscode.js-debug-nightly]: Cannot register 'debug.javascript.enableNetworkView'. This property is already registered.
2024-12-14 00:15:36.755 [error] Ignoring expo.appManifest.fileReferences.excludeGlobPatterns as expo.appManifest.fileReferences is true
2024-12-14 00:15:36.798 [error] [ms-vscode.js-debug-nightly]: Cannot register multiple views with same id `jsBrowserBreakpoints`
2024-12-14 00:15:36.799 [error] [ms-vscode.js-debug-nightly]: Cannot register multiple views with same id `jsExcludedCallers`
2024-12-14 00:15:36.799 [error] [ms-vscode.js-debug-nightly]: Cannot register multiple views with same id `jsDebugNetworkTree`
2024-12-14 00:15:37.282 [info] Settings Sync: Account status changed from uninitialized to unavailable
