2024-12-14 00:15:36.402 [info] Added views:outline in workbench.view.explorer
2024-12-14 00:15:36.402 [info] Added views:workbench.view.search in workbench.view.search
2024-12-14 00:15:36.402 [info] Added views:workbench.scm in workbench.view.scm
2024-12-14 00:15:36.402 [info] Added views:workbench.panel.markers.view in workbench.panel.markers
2024-12-14 00:15:36.402 [info] Added views:workbench.panel.output in workbench.panel.output
2024-12-14 00:15:36.402 [info] Added views:terminal in terminal
2024-12-14 00:15:36.402 [info] Added views:timeline in workbench.view.explorer
2024-12-14 00:15:36.402 [info] Added views:workbench.explorer.fileView in workbench.view.explorer
2024-12-14 00:15:36.645 [info] Added views:workbench.debug.welcome in workbench.view.debug
2024-12-14 00:15:36.800 [info] Added views:projectsExplorerFavorites,projectManagerHelpAndFeedback in workbench.view.extension.project-manager
2024-12-14 00:15:36.800 [info] Added views:continue.continueGUIView in workbench.view.extension.continue
2024-12-14 00:15:36.801 [info] Added views:workspaceEnvironments,pythonEnvironments in workbench.view.extension.package-explorer
2024-12-14 00:15:36.801 [info] Added views:pr:github,issues:github in workbench.view.extension.github-pull-requests
2024-12-14 00:15:36.801 [info] Added views:dockerContainers,dockerImages,dockerRegistries,dockerNetworks,dockerVolumes,vscode-docker.views.dockerContexts,vscode-docker.views.help in workbench.view.extension.dockerView
2024-12-14 00:15:36.802 [info] Added views:targetsContainers,devVolumes in workbench.view.remote
2024-12-14 00:15:36.802 [info] Added views:remoteTargets in workbench.view.remote
2024-12-14 00:15:36.802 [info] Added views:liveshare.session in workbench.view.extension.liveshare
2024-12-14 00:15:36.802 [info] Added views:workspaceViewer in workbench.view.extension.workspaceViewer
2024-12-14 00:15:37.030 [info] Added views:workbench.panel.repl.view in workbench.panel.repl
2024-12-14 00:15:37.063 [info] Added views:~remote.forwardedPorts in ~remote.forwardedPortsContainer
2024-12-14 00:15:38.787 [info] Added views:projectsExplorerGit in workbench.view.extension.project-manager
