2024-12-14 12:42:45.462 [info] Reading sessions from keychain...
2024-12-14 12:42:45.463 [info] Getting sessions for all scopes...
2024-12-14 12:42:45.463 [info] Getting sessions for all scopes...
2024-12-14 12:42:45.463 [info] Getting sessions for all scopes...
2024-12-14 12:42:45.463 [info] Getting sessions for all scopes...
2024-12-14 12:42:45.463 [info] Getting sessions for all scopes...
2024-12-14 12:42:45.463 [info] Getting sessions for all scopes...
2024-12-14 12:42:45.463 [info] Getting sessions for all scopes...
2024-12-14 12:42:45.463 [info] Getting sessions for all scopes...
2024-12-14 12:42:45.509 [info] Got 0 sessions for ...
2024-12-14 12:42:45.509 [info] Got 0 sessions for ...
2024-12-14 12:42:45.509 [info] Got 0 sessions for ...
2024-12-14 12:42:45.509 [info] Got 0 sessions for ...
2024-12-14 12:42:45.509 [info] Got 0 sessions for ...
2024-12-14 12:42:45.509 [info] Got 0 sessions for ...
2024-12-14 12:42:45.509 [info] Got 0 sessions for ...
2024-12-14 12:42:45.509 [info] Got 0 sessions for ...
2024-12-14 12:42:45.826 [info] Getting sessions for all scopes...
2024-12-14 12:42:45.826 [info] Got 0 sessions for ...
2024-12-14 12:42:46.069 [info] Getting sessions for user:email...
2024-12-14 12:42:46.069 [info] Got 0 sessions for user:email...
2024-12-14 12:42:47.928 [info] Getting sessions for all scopes...
2024-12-14 12:42:47.929 [info] Got 0 sessions for ...
2024-12-14 12:42:48.352 [info] Getting sessions for project,read:org,read:user,repo,user:email,workflow...
2024-12-14 12:42:48.352 [info] Got 0 sessions for project,read:org,read:user,repo,user:email,workflow...
2024-12-14 12:42:48.423 [info] Getting sessions for read:user,repo,user:email,workflow...
2024-12-14 12:42:48.423 [info] Got 0 sessions for read:user,repo,user:email,workflow...
2024-12-14 12:42:48.667 [info] Getting sessions for read:user,repo,user:email...
2024-12-14 12:42:48.667 [info] Got 0 sessions for read:user,repo,user:email...
2024-12-14 12:42:48.702 [info] Getting sessions for read:user,repo,user:email,workflow...
2024-12-14 12:42:48.702 [info] Got 0 sessions for read:user,repo,user:email,workflow...
2024-12-14 12:42:48.772 [info] Getting sessions for read:user,repo,user:email,workflow...
2024-12-14 12:42:48.772 [info] Got 0 sessions for read:user,repo,user:email,workflow...
