2024-12-14 00:15:37.085 [info] Reading sessions from keychain...
2024-12-14 00:15:37.085 [info] Getting sessions for all scopes...
2024-12-14 00:15:37.085 [info] Getting sessions for all scopes...
2024-12-14 00:15:37.085 [info] Getting sessions for all scopes...
2024-12-14 00:15:37.085 [info] Got 0 sessions for ...
2024-12-14 00:15:37.085 [info] Got 0 sessions for ...
2024-12-14 00:15:37.085 [info] Got 0 sessions for ...
2024-12-14 00:15:37.152 [info] Getting sessions for user:email...
2024-12-14 00:15:37.152 [info] Got 0 sessions for user:email...
2024-12-14 00:15:37.152 [info] Getting sessions for all scopes...
2024-12-14 00:15:37.152 [info] Got 0 sessions for ...
2024-12-14 00:15:37.152 [info] Getting sessions for all scopes...
2024-12-14 00:15:37.152 [info] Got 0 sessions for ...
2024-12-14 00:15:37.152 [info] Getting sessions for all scopes...
2024-12-14 00:15:37.152 [info] Got 0 sessions for ...
2024-12-14 00:15:37.153 [info] Getting sessions for all scopes...
2024-12-14 00:15:37.153 [info] Got 0 sessions for ...
2024-12-14 00:15:37.153 [info] Getting sessions for all scopes...
2024-12-14 00:15:37.153 [info] Got 0 sessions for ...
2024-12-14 00:15:37.153 [info] Getting sessions for all scopes...
2024-12-14 00:15:37.153 [info] Got 0 sessions for ...
